#
# A fatal error has been detected by the Java Runtime Environment:
#
#  EXCEPTION_ACCESS_VIOLATION (0xc0000005) at pc=0x018238b8, pid=1164, tid=7864
#
# JRE version: 7.0_05-b05
# Java VM: Java HotSpot(TM) Server VM (23.1-b03 mixed mode windows-x86 )
# Problematic frame:
# j  grailsapplication1.Etiqueta$$ENmojdpn.lock(Ljava/io/Serializable;)Ljava/lang/Object;+277
#
# Failed to write core dump. Minidumps are not enabled by default on client versions of Windows
#
# If you would like to submit a bug report, please visit:
#   http://bugreport.sun.com/bugreport/crash.jsp
#

---------------  T H R E A D  ---------------

Current thread (0x4a0e9c00):  JavaThread "http-bio-8080-exec-1" daemon [_thread_in_Java, id=7864, stack(0x4c8f0000,0x4c940000)]

siginfo: ExceptionCode=0xc0000005, reading address 0x00001fa4

Registers:
EAX=0x048d2800, EBX=0x00000225, ECX=0x08f8b518, EDX=0x00001fa0
ESP=0x4c93d08c, EBP=0x4c93d0b0, ESI=0x08f923a4, EDI=0x4c93d0c4
EIP=0x018238b8, EFLAGS=0x00010246

Top of Stack: (sp=0x4c93d08c)
0x4c93d08c:   211e9e90 4c93d090 08f9239d 4c93d0c4
0x4c93d09c:   08fa7a70 00000000 08f92490 00000000
0x4c93d0ac:   4c93d0c4 4c93d0e8 0181361a 00000000
0x4c93d0bc:   211e9e90 20e0f668 00001fa0 4c93d0c8
0x4c93d0cc:   08f857e9 4c93d0f8 08fa2008 00000000
0x4c93d0dc:   08f857f0 4c93d0c4 4c93d0f0 4c93d11c
0x4c93d0ec:   01813b98 00001fa0 00000000 20e570e8
0x4c93d0fc:   4c93d0fc 066421bf 4c93d130 06726c68 

Instructions: (pc=0x018238b8)
0x01823898:   8b 87 48 01 00 00 c7 87 48 01 00 00 00 00 00 00
0x018238a8:   8b 75 e4 8b 7d e8 c3 5a eb 06 8b d0 8b 44 99 28
0x018238b8:   8b 5a 04 8b 4d f0 85 c9 0f 84 7a 00 00 00 8b 79
0x018238c8:   08 3b fb 0f 85 0d 00 00 00 83 41 0c 01 83 59 0c 


Register to memory mapping:

EAX=0x048d2800 is an oop
{instance class} 
 - klass: {other class}
EBX=0x00000225 is an unknown value
ECX=0x08f8b518 is an oop
{constant pool} 
 - klass: {other class}
 - holder: 0x08fa1e90
 - cache: 0x08fa7a70
 -   1 :  : 'grailsapplication1/Etiqueta$$ENmojdpn'
 -   2 :  : 'grailsapplication1/Etiqueta$$ENmojdpn' {0x8fa1e90}
 -   3 :  : 'java/lang/Object'
 -   4 :  : 'java/lang/Object' {0x48d1c10}
 -   5 :  : 'Etiqueta.groovy'
 -   6 :  : 'Lgrails/artefact/Enhanced;'
 -   7 :  : 'version'
 -   8 :  : '2.1.1'
 -   9 :  : 'Lgrails/persistence/Entity;'
 -  10 :  : 'belongsTo'
 -  11 :  : 'Ljava/lang/Object;'
 -  12 :  : 'texto'
 -  13 :  : 'Ljava/lang/String;'
 -  14 :  : '_deleted'
 -  15 :  : 'Z'
 -  16 :  : 'transients'
 -  17 :  : 'constraints'
 -  18 :  : 'instanceControllersDomainBindingApi'
 -  19 :  : 'Lorg/codehaus/groovy/grails/plugins/web/api/ControllersDomainBindingApi;'
 -  20 :  : '$defaultDatabindingWhiteList'
 -  21 :  : 'Ljava/util/List;'
 -  22 :  : 'instanceDatabindingApi'
 -  23 :  : 'Lorg/codehaus/groovy/grails/web/binding/DatabindingApi;'
 -  24 :  : 'errors'
 -  25 :  : 'Lorg/springframework/validation/Errors;'
 -  26 :  : 'id'
 -  27 :  : 'Ljava/lang/Long;'
 -  28 :  : 'nota'
 -  29 :  : 'Lgrailsapplication1/Nota;'
 -  30 :  : 'log'
 -  31 :  : 'Lorg/apache/commons/logging/Log;'
 -  32 :  : 'instanceConvertersApi'
 -  33 :  : 'Lorg/codehaus/groovy/grails/plugins/converters/api/ConvertersApi;'
 -  34 :  : '$staticClassInfo'
 -  35 :  : 'Lorg/codehaus/groovy/reflection/ClassInfo;'
 -  36 :  : '__$stMC'
 -  37 :  : 'metaClass'
 -  38 :  : 'Lgroovy/lang/MetaClass;'
 -  39 :  : '__timeStamp'
 -  40 :  : 'J'
 -  41 :  : '__timeStamp__239_neverHappen1351129489003'
 -  42 :  : '$callSiteArray'
 -  43 :  : 'Ljava/lang/ref/SoftReference;'
 -  44 :  : '$class$org$grails$datastore$gorm$GormValidationApi'
 -  45 :  : 'Ljava/lang/Class;'
 -  46 :  : '$class$org$grails$datastore$gorm$GormStaticApi'
 -  47 :  : '$class$groovy$lang$MissingMethodException'
 -  48 :  : '$class$java$lang$IllegalStateException'
 -  49 :  : '$class$grailsapplication1$Etiqueta'
 -  50 :  : '$class$java$lang$String'
 -  51 :  : '$class$org$apache$commons$logging$LogFactory'
 -  52 :  : '$class$org$springframework$validation$Errors'
 -  53 :  : '$class$grailsapplication1$Nota'
 -  54 :  : '$class$org$codehaus$groovy$grails$plugins$converters$api$ConvertersApi'
 -  55 :  : '$class$org$codehaus$groovy$grails$plugins$web$api$ControllersDomainBindingApi'
 -  56 :  : '$class$org$codehaus$groovy$grails$web$binding$DatabindingApi'
 -  57 :  : '$class$org$apache$commons$logging$Log'
 -  58 :  : '$class$grails$validation$ValidationErrors'
 -  59 :  : '$class$org$grails$datastore$gorm$GormInstanceApi'
 -  60 :  : '___init___'
 -  61 :  : '(Lgrailsapplication1/Etiqueta;Ljava/util/Map;)V'
 -  62 :  : '$getCallSiteArray'
 -  63 :  : '()[Lorg/codehaus/groovy/runtime/callsite/CallSite;'
 -  64 :  : name_index=62 signature_index=63
 -  65 :  : klass_index=2 name_and_type_index=64
 -  66 :  : 'java/util/Map'
 -  67 :  : 'java/util/Map'
 -  68 :  : 'org/codehaus/groovy/grails/plugins/web/api/ControllersDomainBindingApi'
 -  69 :  : 'org/codehaus/groovy/grails/plugins/web/api/ControllersDomainBindingApi' {0x5ac2f20}
 -  70 :  : 'initialize'
 -  71 :  : '(Ljava/lang/Object;Ljava/util/Map;)V'
 -  72 :  : name_index=70 signature_index=71
 -  73 :  : klass_index=69 name_and_type_index=72
 -  74 :  : 'thiz'
 -  75 :  : 'Lgrailsapplication1/Etiqueta;'
 -  76 :  : 'param1'
 -  77 :  : 'Ljava/util/Map;'
 -  78 :  : '(Lgrailsapplication1/Etiqueta;)V'
 -  79 :  : 7276161
 -  80 :  : '$get$$class$org$springframework$validation$Errors()Ljava/lang/Class;'
 -  81 :  : "$get$$class$org$springframework$validation$Errors()Ljava/lang/Class;" {0x1a6416d8}
 -  82 :  : 'com/springsource/loaded/TypeRegistry'
 -  83 :  : 'com/springsource/loaded/TypeRegistry' {0x4abf880}
 -  84 :  : 'istcheck'
 -  85 :  : '(ILjava/lang/String;)Ljava/lang/Object;'
 -  86 :  : name_index=84 signature_index=85
 -  87 :  : klass_index=83 name_and_type_index=86
 -  88 :  : 'grailsapplication1/Etiqueta__I'
 -  89 :  : 'grailsapplication1/Etiqueta__I'
 -  90 :  : '__execute'
 -  91 :  : '([Ljava/lang/Object;Ljava/lang/Object;Ljava/lang/String;)Ljava/lang/Object;'
 -  92 :  : name_index=90 signature_index=91
 -  93 :  : klass_index=89 name_and_type_index=92
 -  94 :  : 'java/lang/Class'
 -  95 :  : 'java/lang/Class'
 -  96 :  : '$get$$class$org$springframework$validation$Errors'
 -  97 :  : '()Ljava/lang/Class;'
 -  98 :  : name_index=96 signature_index=97
 -  99 :  : klass_index=2 name_and_type_index=98
 - 100 :  : 'org/codehaus/groovy/runtime/ScriptBytecodeAdapter'
 - 101 :  : 'org/codehaus/groovy/runtime/ScriptBytecodeAdapter' {0x4e4d400}
 - 102 :  : 'castToType'
 - 103 :  : '(Ljava/lang/Object;Ljava/lang/Class;)Ljava/lang/Object;'
 - 104 :  : name_index=102 signature_index=103
 - 105 :  : klass_index=101 name_and_type_index=104
 - 106 :  : 'org/springframework/validation/Errors'
 - 107 :  : 'org/springframework/validation/Errors'
 - 108 :  : "errors" {0x15363a58}
 - 109 :  : 'instanceFieldInterceptionRequired'
 - 110 :  : '(ILjava/lang/String;)Z'
 - 111 :  : name_index=109 signature_index=110
 - 112 :  : klass_index=83 name_and_type_index=111
 - 113 :  : 'grailsapplication1/Etiqueta'
 - 114 :  : 'grailsapplication1/Etiqueta' {0x6653068}
 - 115 :  : 'r$set'
 - 116 :  : '(Ljava/lang/Object;Ljava/lang/Object;Ljava/lang/String;)V'
 - 117 :  : name_index=115 signature_index=116
 - 118 :  : klass_index=114 name_and_type_index=117
 - 119 :  : name_index=24 signature_index=25
 - 120 :  : klass_index=114 name_and_type_index=119
 - 121 :  : '$getStaticMetaClass()Lgroovy/lang/MetaClass;'
 - 122 :  : "$getStaticMetaClass()Lgroovy/lang/MetaClass;" {0x185484a0}
 - 123 :  : 'ivicheck'
 - 124 :  : name_index=123 signature_index=110
 - 125 :  : klass_index=83 name_and_type_index=124
 - 126 :  : klass_index=114 name_and_type_index=92
 - 127 :  : 'groovy/lang/MetaClass'
 - 128 :  : 'groovy/lang/MetaClass' {0x4b64bf8}
 - 129 :  : '$getStaticMetaClass'
 - 130 :  : '()Lgroovy/lang/MetaClass;'
 - 131 :  : name_index=129 signature_index=130
 - 132 :  : klass_index=114 name_and_type_index=131
 - 133 :  : "metaClass" {0x14b5ad90}
 - 134 :  : name_index=37 signature_index=38
 - 135 :  : klass_index=114 name_and_type_index=134
 - 136 :  : '(Ljava/lang/Object;)V'
 - 137 :  : name_index=70 signature_index=136
 - 138 :  : klass_index=69 name_and_type_index=137
 - 139 :  : 'toString'
 - 140 :  : '(Lgrailsapplication1/Etiqueta;)Ljava/lang/String;'
 - 141 :  : "texto" {0x1994fe10}
 - 142 :  : 'r$get'
 - 143 :  : '(Ljava/lang/Object;Ljava/lang/String;)Ljava/lang/Object;'
 - 144 :  : name_index=142 signature_index=143
 - 145 :  : klass_index=114 name_and_type_index=144
 - 146 :  : 'java/lang/String'
 - 147 :  : 'java/lang/String' {0x48d7ae8}
 - 148 :  : name_index=12 signature_index=13
 - 149 :  : klass_index=114 name_and_type_index=148
 - 150 :  : 'this$dist$invoke$1'
 - 151 :  : '(Lgrailsapplication1/Etiqueta;Ljava/lang/String;Ljava/lang/Object;)Ljava/lang/Object;'
 - 152 :  : '$get$$class$grailsapplication1$Etiqueta()Ljava/lang/Class;'
 - 153 :  : "$get$$class$grailsapplication1$Etiqueta()Ljava/lang/Class;" {0x19a905f8}
 - 154 :  : '$get$$class$grailsapplication1$Etiqueta'
 - 155 :  : name_index=154 signature_index=97
 - 156 :  : klass_index=2 name_and_type_index=155
 - 157 :  : 'org/codehaus/groovy/runtime/GStringImpl'
 - 158 :  : 'org/codehaus/groovy/runtime/GStringImpl'
 - 159 :  : ''
 - 160 :  : "" {0x14b6eac8}
 - 161 :  : '<init>'
 - 162 :  : '([Ljava/lang/Object;[Ljava/lang/String;)V'
 - 163 :  : name_index=161 signature_index=162
 - 164 :  : klass_index=158 name_and_type_index=163
 - 165 :  : '$get$$class$java$lang$String()Ljava/lang/Class;'
 - 166 :  : "$get$$class$java$lang$String()Ljava/lang/Class;" {0x19eeea68}
 - 167 :  : '$get$$class$java$lang$String'
 - 168 :  : name_index=167 signature_index=97
 - 169 :  : klass_index=2 name_and_type_index=168
 - 170 :  : 'despreadList'
 - 171 :  : '([Ljava/lang/Object;[Ljava/lang/Object;[I)[Ljava/lang/Object;'
 - 172 :  : name_index=170 signature_index=171
 - 173 :  : klass_index=101 name_and_type_index=172
 - 174 :  : 'invokeMethodOnCurrentN'
 - 175 :  : '(Ljava/lang/Class;Lgroovy/lang/GroovyObject;Ljava/lang/String;[Ljava/lang/Object;)Ljava/lang/Object;'
 - 176 :  : name_index=174 signature_index=175
 - 177 :  : klass_index=101 name_and_type_index=176
 - 178 :  : 'name'
 - 179 :  : 'args'
 - 180 :  : 'this$dist$set$1'
 - 181 :  : '(Lgrailsapplication1/Etiqueta;Ljava/lang/String;Ljava/lang/Object;)V'
 - 182 :  : 'setGroovyObjectField'
 - 183 :  : '(Ljava/lang/Object;Ljava/lang/Class;Lgroovy/lang/GroovyObject;Ljava/lang/String;)V'
 - 184 :  : name_index=182 signature_index=183
 - 185 :  : klass_index=101 name_and_type_index=184
 - 186 :  : 'value'
 - 187 :  : 'this$dist$get$1'
 - 188 :  : '(Lgrailsapplication1/Etiqueta;Ljava/lang/String;)Ljava/lang/Object;'
 - 189 :  : 'getGroovyObjectField'
 - 190 :  : '(Ljava/lang/Class;Lgroovy/lang/GroovyObject;Ljava/lang/String;)Ljava/lang/Object;'
 - 191 :  : name_index=189 signature_index=190
 - 192 :  : klass_index=101 name_and_type_index=191
 - 193 :  : 'getProperties'
 - 194 :  : '(Lgrailsapplication1/Etiqueta;)Ljava/util/Map;'
 - 195 :  : "instanceDatabindingApi" {0x191195b0}
 - 196 :  : 'staticFieldInterceptionRequired'
 - 197 :  : name_index=196 signature_index=110
 - 198 :  : klass_index=83 name_and_type_index=197
 - 199 :  : 'r$gets'
 - 200 :  : '(Ljava/lang/String;)Ljava/lang/Object;'
 - 201 :  : name_index=199 signature_index=200
 - 202 :  : klass_index=114 name_and_type_index=201
 - 203 :  : 'org/codehaus/groovy/grails/web/binding/DatabindingApi'
 - 204 :  : 'org/codehaus/groovy/grails/web/binding/DatabindingApi' {0x5ad12c8}
 - 205 :  : name_index=22 signature_index=23
 - 206 :  : klass_index=114 name_and_type_index=205
 - 207 :  : 'org/codehaus/groovy/runtime/BytecodeInterface8'
 - 208 :  : 'org/codehaus/groovy/runtime/BytecodeInterface8' {0x4f66e78}
 - 209 :  : 'isOrigZ'
 - 210 :  : '()Z'
 - 211 :  : name_index=209 signature_index=210
 - 212 :  : klass_index=208 name_and_type_index=211
 - 213 :  : "__$stMC" {0x14b1fb70}
 - 214 :  : 'java/lang/Boolean'
 - 215 :  : 'java/lang/Boolean' {0x4931fd0}
 - 216 :  : 'booleanValue'
 - 217 :  : name_index=216 signature_index=210
 - 218 :  : klass_index=215 name_and_type_index=217
 - 219 :  : name_index=36 signature_index=15
 - 220 :  : klass_index=114 name_and_type_index=219
 - 221 :  : 'disabledStandardMetaClass'
 - 222 :  : name_index=221 signature_index=210
 - 223 :  : klass_index=208 name_and_type_index=222
 - 224 :  : 'compareEqual'
 - 225 :  : '(Ljava/lang/Object;Ljava/lang/Object;)Z'
 - 226 :  : name_index=224 signature_index=225
 - 227 :  : klass_index=101 name_and_type_index=226
 - 228 :  : 0
 - 229 :  : '$get$$class$groovy$lang$MissingMethodException()Ljava/lang/Class;'
 - 230 :  : "$get$$class$groovy$lang$MissingMethodException()Ljava/lang/Class;" {0x219c1870}
 - 231 :  : '$get$$class$groovy$lang$MissingMethodException'
 - 232 :  : name_index=231 signature_index=97
 - 233 :  : klass_index=2 name_and_type_index=232
 - 234 :  : "getProperties" {0x14b4c868}
 - 235 :  : 'org/codehaus/groovy/runtime/callsite/CallSite'
 - 236 :  : 'org/codehaus/groovy/runtime/callsite/CallSite' {0x4cc13f0}
 - 237 :  : 'callConstructor'
 - 238 :  : '(Ljava/lang/Object;Ljava/lang/Object;Ljava/lang/Object;)Ljava/lang/Object;'
 - 239 :  : name_index=237 signature_index=238
 - 240 :  : klass_index=236 name_and_type_index=239
 - 241 :  : 'java/lang/Throwable'
 - 242 :  : 'java/lang/Throwable'
 - 243 :  : '(Ljava/lang/Object;)Ljava/util/Map;'
 - 244 :  : name_index=193 signature_index=243
 - 245 :  : klass_index=204 name_and_type_index=244
 - 246 :  : 1
 - 247 :  : '$api_getProperties'
 - 248 :  : 'setProperties'
 - 249 :  : '(Lgrailsapplication1/Etiqueta;Ljava/lang/Object;)Lorg/springframework/validation/BindingResult;'
 - 250 :  : 2
 - 251 :  : "setProperties" {0x14b4bd98}
 - 252 :  : '(Ljava/lang/Object;Ljava/lang/Object;)Lorg/springframework/validation/BindingResult;'
 - 253 :  : name_index=248 signature_index=252
 - 254 :  : klass_index=204 name_and_type_index=253
 - 255 :  : 3
 - 256 :  : '$api_setProperties'
 - 257 :  : 'currentGormValidationApi'
 - 258 :  : '()Lorg/grails/datastore/gorm/GormValidationApi;'
 - 259 :  : 4
 - 260 :  : '$get$$class$java$lang$IllegalStateException()Ljava/lang/Class;'
 - 261 :  : "$get$$class$java$lang$IllegalStateException()Ljava/lang/Class;" {0x34ffee10}
 - 262 :  : '$get$$class$java$lang$IllegalStateException'
 - 263 :  : name_index=262 signature_index=97
 - 264 :  : klass_index=2 name_and_type_index=263
 - 265 :  : 'Method on class [grailsapplication1.Etiqueta] was used outside of a Grails application. If running in the context of a test using the mocking API or bootstrap Grails correctly.'
 - 266 :  : "Method on class [grailsapplication1.Etiqueta] was used outside of a Grails application. If running in the context of a test using the mocking API or bootstrap Grails correctly." {0x34ffeeb0}
 - 267 :  : '(Ljava/lang/Object;Ljava/lang/Object;)Ljava/lang/Object;'
 - 268 :  : name_index=237 signature_index=267
 - 269 :  : klass_index=236 name_and_type_index=268
 - 270 :  : 'validate'
 - 271 :  : '(Lgrailsapplication1/Etiqueta;)Z'
 - 272 :  : 5
 - 273 :  : 'call'
 - 274 :  : '(Ljava/lang/Object;)Ljava/lang/Object;'
 - 275 :  : name_index=273 signature_index=274
 - 276 :  : klass_index=236 name_and_type_index=275
 - 277 :  : 6
 - 278 :  : "validate" {0x150de5f0}
 - 279 :  : 7
 - 280 :  : '$get$$class$org$grails$datastore$gorm$GormValidationApi()Ljava/lang/Class;'
 - 281 :  : "$get$$class$org$grails$datastore$gorm$GormValidationApi()Ljava/lang/Class;" {0x1e75c928}
 - 282 :  : '$get$$class$org$grails$datastore$gorm$GormValidationApi'
 - 283 :  : name_index=282 signature_index=97
 - 284 :  : klass_index=2 name_and_type_index=283
 - 285 :  : 'org/grails/datastore/gorm/GormValidationApi'
 - 286 :  : 'org/grails/datastore/gorm/GormValidationApi'
 - 287 :  : '(Ljava/lang/Object;)Z'
 - 288 :  : name_index=270 signature_index=287
 - 289 :  : klass_index=286 name_and_type_index=288
 - 290 :  : 8
 - 291 :  : 9
 - 292 :  : 'org/codehaus/groovy/runtime/typehandling/DefaultTypeTransformation'
 - 293 :  : 'org/codehaus/groovy/runtime/typehandling/DefaultTypeTransformation' {0x4e46490}
 - 294 :  : 'box'
 - 295 :  : '(I)Ljava/lang/Object;'
 - 296 :  : name_index=294 signature_index=295
 - 297 :  : klass_index=293 name_and_type_index=296
 - 298 :  : 'java/lang/Integer'
 - 299 :  : 'java/lang/Integer'
 - 300 :  : 'booleanUnbox'
 - 301 :  : name_index=300 signature_index=287
 - 302 :  : klass_index=293 name_and_type_index=301
 - 303 :  : '$api_validate'
 - 304 :  : '(Lgrailsapplication1/Etiqueta;Z)Z'
 - 305 :  : 'Ljava/lang/Deprecated;'
 - 306 :  : 10
 - 307 :  : 11
 - 308 :  : 12
 - 309 :  : '(Ljava/lang/Object;Z)Z'
 - 310 :  : name_index=270 signature_index=309
 - 311 :  : klass_index=286 name_and_type_index=310
 - 312 :  : 13
 - 313 :  : 14
 - 314 :  : '(Lgrailsapplication1/Etiqueta;Ljava/util/Map;)Z'
 - 315 :  : 15
 - 316 :  : 16
 - 317 :  : 17
 - 318 :  : '(Ljava/lang/Object;Ljava/util/Map;)Z'
 - 319 :  : name_index=270 signature_index=318
 - 320 :  : klass_index=286 name_and_type_index=319
 - 321 :  : 18
 - 322 :  : 19
 - 323 :  : '(Lgrailsapplication1/Etiqueta;Ljava/util/List;)Z'
 - 324 :  : 20
 - 325 :  : 21
 - 326 :  : 22
 - 327 :  : 'java/util/List'
 - 328 :  : 'java/util/List' {0x494f900}
 - 329 :  : '(Ljava/lang/Object;Ljava/util/List;)Z'
 - 330 :  : name_index=270 signature_index=329
 - 331 :  : klass_index=286 name_and_type_index=330
 - 332 :  : 23
 - 333 :  : 24
 - 334 :  : 'clearErrors'
 - 335 :  : 25
 - 336 :  : 26
 - 337 :  : "clearErrors" {0x16324818}
 - 338 :  : 27
 - 339 :  : name_index=334 signature_index=136
 - 340 :  : klass_index=286 name_and_type_index=339
 - 341 :  : 28
 - 342 :  : 29
 - 343 :  : '$api_clearErrors'
 - 344 :  : 'initErrors'
 - 345 :  : 30
 - 346 :  : '$get$$class$grails$validation$ValidationErrors()Ljava/lang/Class;'
 - 347 :  : "$get$$class$grails$validation$ValidationErrors()Ljava/lang/Class;" {0x1ea763e8}
 - 348 :  : '$get$$class$grails$validation$ValidationErrors'
 - 349 :  : name_index=348 signature_index=97
 - 350 :  : klass_index=2 name_and_type_index=349
 - 351 :  : 'grailsapplication1.Etiqueta'
 - 352 :  : "grailsapplication1.Etiqueta" {0x192ad960}
 - 353 :  : 31
 - 354 :  : 'getErrors'
 - 355 :  : '(Lgrailsapplication1/Etiqueta;)Lorg/springframework/validation/Errors;'
 - 356 :  : 32
 - 357 :  : 'callCurrent'
 - 358 :  : '(Lgroovy/lang/GroovyObject;)Ljava/lang/Object;'
 - 359 :  : name_index=357 signature_index=358
 - 360 :  : klass_index=236 name_and_type_index=359
 - 361 :  : 'hasErrors'
 - 362 :  : '(Lgrailsapplication1/Etiqueta;)Ljava/lang/Boolean;'
 - 363 :  : 33
 - 364 :  : 34
 - 365 :  : '(Z)Ljava/lang/Object;'
 - 366 :  : name_index=294 signature_index=365
 - 367 :  : klass_index=293 name_and_type_index=366
 - 368 :  : 'setErrors'
 - 369 :  : '(Lgrailsapplication1/Etiqueta;Lorg/springframework/validation/Errors;)V'
 - 370 :  : '$errorsArg'
 - 371 :  : 'currentGormInstanceApi'
 - 372 :  : '()Lorg/grails/datastore/gorm/GormInstanceApi;'
 - 373 :  : '$get$$class$org$grails$datastore$gorm$GormInstanceApi()Ljava/lang/Class;'
 - 374 :  : "$get$$class$org$grails$datastore$gorm$GormInstanceApi()Ljava/lang/Class;" {0x1e75c870}
 - 375 :  : '$get$$class$org$grails$datastore$gorm$GormInstanceApi'
 - 376 :  : name_index=375 signature_index=97
 - 377 :  : klass_index=2 name_and_type_index=376
 - 378 :  : 'org/grails/datastore/gorm/GormInstanceApi'
 - 379 :  : 'org/grails/datastore/gorm/GormInstanceApi'
 - 380 :  : 'lock'
 - 381 :  : '(Lgrailsapplication1/Etiqueta;)Ljava/lang/Object;'
 - 382 :  : 35
 - 383 :  : 36
 - 384 :  : "lock" {0x14da1360}
 - 385 :  : 37
 - 386 :  : name_index=380 signature_index=274
 - 387 :  : klass_index=379 name_and_type_index=386
 - 388 :  : 38
 - 389 :  : 39
 - 390 :  : '$api_lock'
 - 391 :  : 'save'
 - 392 :  : '(Lgrailsapplication1/Etiqueta;Ljava/util/Map;)Ljava/lang/Object;'
 - 393 :  : 40
 - 394 :  : 41
 - 395 :  : "save" {0x14b488b8}
 - 396 :  : 42
 - 397 :  : '(Ljava/lang/Object;Ljava/util/Map;)Ljava/lang/Object;'
 - 398 :  : name_index=391 signature_index=397
 - 399 :  : klass_index=379 name_and_type_index=398
 - 400 :  : 43
 - 401 :  : 44
 - 402 :  : '$api_save'
 - 403 :  : 45
 - 404 :  : 46
 - 405 :  : 47
 - 406 :  : name_index=391 signature_index=274
 - 407 :  : klass_index=379 name_and_type_index=406
 - 408 :  : 48
 - 409 :  : 49
 - 410 :  : '(Lgrailsapplication1/Etiqueta;Z)Ljava/lang/Object;'
 - 411 :  : 50
 - 412 :  : 51
 - 413 :  : 52
 - 414 :  : '(Ljava/lang/Object;Z)Ljava/lang/Object;'
 - 415 :  : name_index=391 signature_index=414
 - 416 :  : klass_index=379 name_and_type_index=415
 - 417 :  : 53
 - 418 :  : 54
 - 419 :  : 'delete'
 - 420 :  : 55
 - 421 :  : 56
 - 422 :  : "delete" {0x14b51470}
 - 423 :  : 57
 - 424 :  : name_index=419 signature_index=136
 - 425 :  : klass_index=379 name_and_type_index=424
 - 426 :  : 58
 - 427 :  : 59
 - 428 :  : '$api_delete'
 - 429 :  : 60
 - 430 :  : 61
 - 431 :  : 62
 - 432 :  : name_index=419 signature_index=71
 - 433 :  : klass_index=379 name_and_type_index=432
 - 434 :  : 63
 - 435 :  : 64
 - 436 :  : 'mutex'
 - 437 :  : '(Lgrailsapplication1/Etiqueta;Lgroovy/lang/Closure;)Ljava/lang/Object;'
 - 438 :  : 65
 - 439 :  : 66
 - 440 :  : "mutex" {0x164cdf90}
 - 441 :  : 67
 - 442 :  : 'groovy/lang/Closure'
 - 443 :  : 'groovy/lang/Closure'
 - 444 :  : '(Ljava/lang/Object;Lgroovy/lang/Closure;)Ljava/lang/Object;'
 - 445 :  : name_index=436 signature_index=444
 - 446 :  : klass_index=379 name_and_type_index=445
 - 447 :  : 68
 - 448 :  : 69
 - 449 :  : 'Lgroovy/lang/Closure;'
 - 450 :  : '$api_mutex'
 - 451 :  : 'merge'
 - 452 :  : 70
 - 453 :  : 71
 - 454 :  : "merge" {0x14cb0198}
 - 455 :  : 72
 - 456 :  : name_index=451 signature_index=397
 - 457 :  : klass_index=379 name_and_type_index=456
 - 458 :  : 73
 - 459 :  : 74
 - 460 :  : '$api_merge'
 - 461 :  : 75
 - 462 :  : 76
 - 463 :  : 77
 - 464 :  : name_index=451 signature_index=274
 - 465 :  : klass_index=379 name_and_type_index=464
 - 466 :  : 78
 - 467 :  : 79
 - 468 :  : 'attach'
 - 469 :  : 80
 - 470 :  : 81
 - 471 :  : "attach" {0x164cdd08}
 - 472 :  : 82
 - 473 :  : name_index=468 signature_index=274
 - 474 :  : klass_index=379 name_and_type_index=473
 - 475 :  : 83
 - 476 :  : 84
 - 477 :  : '$api_attach'
 - 478 :  : 'refresh'
 - 479 :  : 85
 - 480 :  : 86
 - 481 :  : "refresh" {0x16102e50}
 - 482 :  : 87
 - 483 :  : name_index=478 signature_index=274
 - 484 :  : klass_index=379 name_and_type_index=483
 - 485 :  : 88
 - 486 :  : 89
 - 487 :  : '$api_refresh'
 - 488 :  : 'ident'
 - 489 :  : '(Lgrailsapplication1/Etiqueta;)Ljava/io/Serializable;'
 - 490 :  : 90
 - 491 :  : 91
 - 492 :  : "ident" {0x164cca00}
 - 493 :  : 92
 - 494 :  : '(Ljava/lang/Object;)Ljava/io/Serializable;'
 - 495 :  : name_index=488 signature_index=494
 - 496 :  : klass_index=379 name_and_type_index=495
 - 497 :  : 93
 - 498 :  : 94
 - 499 :  : '$api_ident'
 - 500 :  : 'instanceOf'
 - 501 :  : '(Lgrailsapplication1/Etiqueta;Ljava/lang/Class;)Z'
 - 502 :  : 95
 - 503 :  : 96
 - 504 :  : "instanceOf" {0x164cc960}
 - 505 :  : 97
 - 506 :  : '(Ljava/lang/Object;Ljava/lang/Class;)Z'
 - 507 :  : name_index=500 signature_index=506
 - 508 :  : klass_index=379 name_and_type_index=507
 - 509 :  : 98
 - 510 :  : 99
 - 511 :  : '$api_instanceOf'
 - 512 :  : 'discard'
 - 513 :  : 100
 - 514 :  : 101
 - 515 :  : "discard" {0x164cc8c8}
 - 516 :  : 102
 - 517 :  : name_index=512 signature_index=136
 - 518 :  : klass_index=379 name_and_type_index=517
 - 519 :  : 103
 - 520 :  : 104
 - 521 :  : '$api_discard'
 - 522 :  : 'isAttached'
 - 523 :  : 105
 - 524 :  : 106
 - 525 :  : "isAttached" {0x161bc938}
 - 526 :  : 107
 - 527 :  : name_index=522 signature_index=287
 - 528 :  : klass_index=379 name_and_type_index=527
 - 529 :  : 108
 - 530 :  : 109
 - 531 :  : '$api_isAttached'
 - 532 :  : 'create'
 - 533 :  : '()Lgrailsapplication1/Etiqueta;'
 - 534 :  : 110
 - 535 :  : 'currentGormStaticApi'
 - 536 :  : '()Lorg/grails/datastore/gorm/GormStaticApi;'
 - 537 :  : '$get$$class$org$grails$datastore$gorm$GormStaticApi()Ljava/lang/Class;'
 - 538 :  : "$get$$class$org$grails$datastore$gorm$GormStaticApi()Ljava/lang/Class;" {0x1dd04f60}
 - 539 :  : '$get$$class$org$grails$datastore$gorm$GormStaticApi'
 - 540 :  : name_index=539 signature_index=97
 - 541 :  : klass_index=2 name_and_type_index=540
 - 542 :  : 'org/grails/datastore/gorm/GormStaticApi'
 - 543 :  : 'org/grails/datastore/gorm/GormStaticApi' {0x5b0be68}
 - 544 :  : '(Ljava/io/Serializable;)Ljava/lang/Object;'
 - 545 :  : 111
 - 546 :  : 112
 - 547 :  : 113
 - 548 :  : 'java/io/Serializable'
 - 549 :  : 'java/io/Serializable' {0x48d2800}
 - 550 :  : name_index=380 signature_index=544
 - 551 :  : klass_index=543 name_and_type_index=550
 - 552 :  : 114
 - 553 :  : 115
 - 554 :  : 'param0'
 - 555 :  : 'Ljava/io/Serializable;'
 - 556 :  : 'get'
 - 557 :  : 116
 - 558 :  : 117
 - 559 :  : "get" {0x14b14c30}
 - 560 :  : 118
 - 561 :  : name_index=556 signature_index=544
 - 562 :  : klass_index=543 name_and_type_index=561
 - 563 :  : 119
 - 564 :  : 120
 - 565 :  : '$api_get'
 - 566 :  : 'count'
 - 567 :  : '()Ljava/lang/Integer;'
 - 568 :  : 121
 - 569 :  : 122
 - 570 :  : "count" {0x14b188d0}
 - 571 :  : 123
 - 572 :  : name_index=566 signature_index=567
 - 573 :  : klass_index=543 name_and_type_index=572
 - 574 :  : 124
 - 575 :  : 125
 - 576 :  : '$api_count'
 - 577 :  : 'find'
 - 578 :  : 126
 - 579 :  : 127
 - 580 :  : "find" {0x14b81e88}
 - 581 :  : 128
 - 582 :  : name_index=577 signature_index=397
 - 583 :  : klass_index=543 name_and_type_index=582
 - 584 :  : 129
 - 585 :  : 130
 - 586 :  : '$api_find'
 - 587 :  : 131
 - 588 :  : 132
 - 589 :  : 133
 - 590 :  : name_index=577 signature_index=274
 - 591 :  : klass_index=543 name_and_type_index=590
 - 592 :  : 134
 - 593 :  : 135
 - 594 :  : '(Ljava/lang/String;Ljava/util/Map;)Ljava/lang/Object;'
 - 595 :  : 136
 - 596 :  : 137
 - 597 :  : 138
 - 598 :  : name_index=577 signature_index=594
 - 599 :  : klass_index=543 name_and_type_index=598
 - 600 :  : 139
 - 601 :  : 140
 - 602 :  : '(Ljava/lang/String;Ljava/util/Collection;Ljava/util/Map;)Ljava/lang/Object;'
 - 603 :  : 141
 - 604 :  : 142
 - 605 :  : 143
 - 606 :  : 'java/util/Collection'
 - 607 :  : 'java/util/Collection'
 - 608 :  : name_index=577 signature_index=602
 - 609 :  : klass_index=543 name_and_type_index=608
 - 610 :  : 144
 - 611 :  : 145
 - 612 :  : 'Ljava/util/Collection;'
 - 613 :  : 'param2'
 - 614 :  : '(Ljava/lang/String;Ljava/util/Collection;)Ljava/lang/Object;'
 - 615 :  : 146
 - 616 :  : 147
 - 617 :  : 148
 - 618 :  : name_index=577 signature_index=614
 - 619 :  : klass_index=543 name_and_type_index=618
 - 620 :  : 149
 - 621 :  : 150
 - 622 :  : '(Ljava/lang/String;Ljava/util/Map;Ljava/util/Map;)Ljava/lang/Object;'
 - 623 :  : 151
 - 624 :  : 152
 - 625 :  : 153
 - 626 :  : name_index=577 signature_index=622
 - 627 :  : klass_index=543 name_and_type_index=626
 - 628 :  : 154
 - 629 :  : 155
 - 630 :  : 156
 - 631 :  : 157
 - 632 :  : 158
 - 633 :  : name_index=577 signature_index=200
 - 634 :  : klass_index=543 name_and_type_index=633
 - 635 :  : 159
 - 636 :  : 160
 - 637 :  : '(Lgroovy/lang/Closure;)Ljava/lang/Object;'
 - 638 :  : 161
 - 639 :  : 162
 - 640 :  : 163
 - 641 :  : name_index=577 signature_index=637
 - 642 :  : klass_index=543 name_and_type_index=641
 - 643 :  : 164
 - 644 :  : 165
 - 645 :  : 'load'
 - 646 :  : 166
 - 647 :  : 167
 - 648 :  : "load" {0x14b48da8}
 - 649 :  : 168
 - 650 :  : name_index=645 signature_index=544
 - 651 :  : klass_index=543 name_and_type_index=650
 - 652 :  : 169
 - 653 :  : 170
 - 654 :  : '$api_load'
 - 655 :  : 'list'
 - 656 :  : '()Ljava/util/List;'
 - 657 :  : 171
 - 658 :  : 172
 - 659 :  : "list" {0x14b48950}
 - 660 :  : 173
 - 661 :  : name_index=655 signature_index=656
 - 662 :  : klass_index=543 name_and_type_index=661
 - 663 :  : 174
 - 664 :  : 175
 - 665 :  : '$api_list'
 - 666 :  : '(Ljava/util/Map;)Ljava/util/List;'
 - 667 :  : 176
 - 668 :  : 177
 - 669 :  : 178
 - 670 :  : name_index=655 signature_index=666
 - 671 :  : klass_index=543 name_and_type_index=670
 - 672 :  : 179
 - 673 :  : 180
 - 674 :  : 'exists'
 - 675 :  : '(Ljava/io/Serializable;)Z'
 - 676 :  : 181
 - 677 :  : 182
 - 678 :  : "exists" {0x14b513e0}
 - 679 :  : 183
 - 680 :  : name_index=674 signature_index=675
 - 681 :  : klass_index=543 name_and_type_index=680
 - 682 :  : 184
 - 683 :  : 185
 - 684 :  : '$api_exists'
 - 685 :  : 'read'
 - 686 :  : 186
 - 687 :  : 187
 - 688 :  : "read" {0x14b20398}
 - 689 :  : 188
 - 690 :  : name_index=685 signature_index=544
 - 691 :  : klass_index=543 name_and_type_index=690
 - 692 :  : 189
 - 693 :  : 190
 - 694 :  : '$api_read'
 - 695 :  : 191
 - 696 :  : 192
 - 697 :  : 193
 - 698 :  : klass_index=543 name_and_type_index=464
 - 699 :  : 194
 - 700 :  : 195
 - 701 :  : 'proxy'
 - 702 :  : 196
 - 703 :  : 197
 - 704 :  : "proxy" {0x16394d40}
 - 705 :  : 198
 - 706 :  : name_index=701 signature_index=544
 - 707 :  : klass_index=543 name_and_type_index=706
 - 708 :  : 199
 - 709 :  : 200
 - 710 :  : '$api_proxy'
 - 711 :  : '$static_methodMissing'
 - 712 :  : '(Ljava/lang/String;Ljava/lang/Object;)Ljava/lang/Object;'
 - 713 :  : 201
 - 714 :  : 202
 - 715 :  : 'methodMissing'
 - 716 :  : "methodMissing" {0x14b7b2a8}
 - 717 :  : 203
 - 718 :  : name_index=715 signature_index=712
 - 719 :  : klass_index=543 name_and_type_index=718
 - 720 :  : 204
 - 721 :  : 205
 - 722 :  : '$api_methodMissing'
 - 723 :  : 'first'
 - 724 :  : 206
 - 725 :  : 207
 - 726 :  : "first" {0x14b7e8a0}
 - 727 :  : 208
 - 728 :  : name_index=723 signature_index=200
 - 729 :  : klass_index=543 name_and_type_index=728
 - 730 :  : 209
 - 731 :  : 210
 - 732 :  : '$api_first'
 - 733 :  : '()Ljava/lang/Object;'
 - 734 :  : 211
 - 735 :  : 212
 - 736 :  : 213
 - 737 :  : name_index=723 signature_index=733
 - 738 :  : klass_index=543 name_and_type_index=737
 - 739 :  : 214
 - 740 :  : 215
 - 741 :  : '(Ljava/util/Map;)Ljava/lang/Object;'
 - 742 :  : 216
 - 743 :  : 217
 - 744 :  : 218
 - 745 :  : name_index=723 signature_index=741
 - 746 :  : klass_index=543 name_and_type_index=745
 - 747 :  : 219
 - 748 :  : 220
 - 749 :  : 'last'
 - 750 :  : 221
 - 751 :  : 222
 - 752 :  : "last" {0x14b7e800}
 - 753 :  : 223
 - 754 :  : name_index=749 signature_index=741
 - 755 :  : klass_index=543 name_and_type_index=754
 - 756 :  : 224
 - 757 :  : 225
 - 758 :  : '$api_last'
 - 759 :  : 226
 - 760 :  : 227
 - 761 :  : 228
 - 762 :  : name_index=749 signature_index=200
 - 763 :  : klass_index=543 name_and_type_index=762
 - 764 :  : 229
 - 765 :  : 230
 - 766 :  : 231
 - 767 :  : 232
 - 768 :  : 233
 - 769 :  : name_index=749 signature_index=733
 - 770 :  : klass_index=543 name_and_type_index=769
 - 771 :  : 234
 - 772 :  : 235
 - 773 :  : 'findAll'
 - 774 :  : '(Ljava/util/Map;Lgroovy/lang/Closure;)Ljava/util/List;'
 - 775 :  : 236
 - 776 :  : 237
 - 777 :  : "findAll" {0x14be33b0}
 - 778 :  : 238
 - 779 :  : name_index=773 signature_index=774
 - 780 :  : klass_index=543 name_and_type_index=779
 - 781 :  : 239
 - 782 :  : 240
 - 783 :  : '$api_findAll'
 - 784 :  : '(Ljava/lang/String;Ljava/util/Collection;)Ljava/util/List;'
 - 785 :  : 241
 - 786 :  : 242
 - 787 :  : 243
 - 788 :  : name_index=773 signature_index=784
 - 789 :  : klass_index=543 name_and_type_index=788
 - 790 :  : 244
 - 791 :  : 245
 - 792 :  : '(Ljava/lang/String;Ljava/util/Collection;Ljava/util/Map;)Ljava/util/List;'
 - 793 :  : 246
 - 794 :  : 247
 - 795 :  : 248
 - 796 :  : name_index=773 signature_index=792
 - 797 :  : klass_index=543 name_and_type_index=796
 - 798 :  : 249
 - 799 :  : 250
 - 800 :  : '(Lgroovy/lang/Closure;)Ljava/util/List;'
 - 801 :  : 251
 - 802 :  : 252
 - 803 :  : 253
 - 804 :  : name_index=773 signature_index=800
 - 805 :  : klass_index=543 name_and_type_index=804
 - 806 :  : 254
 - 807 :  : 255
 - 808 :  : '(Ljava/lang/String;)Ljava/util/List;'
 - 809 :  : 256
 - 810 :  : 257
 - 811 :  : 258
 - 812 :  : name_index=773 signature_index=808
 - 813 :  : klass_index=543 name_and_type_index=812
 - 814 :  : 259
 - 815 :  : 260
 - 816 :  : '(Ljava/lang/String;Ljava/util/Map;)Ljava/util/List;'
 - 817 :  : 261
 - 818 :  : 262
 - 819 :  : 263
 - 820 :  : name_index=773 signature_index=816
 - 821 :  : klass_index=543 name_and_type_index=820
 - 822 :  : 264
 - 823 :  : 265
 - 824 :  : '(Ljava/lang/String;Ljava/util/Map;Ljava/util/Map;)Ljava/util/List;'
 - 825 :  : 266
 - 826 :  : 267
 - 827 :  : 268
 - 828 :  : name_index=773 signature_index=824
 - 829 :  : klass_index=543 name_and_type_index=828
 - 830 :  : 269
 - 831 :  : 270
 - 832 :  : 271
 - 833 :  : 272
 - 834 :  : 273
 - 835 :  : name_index=773 signature_index=656
 - 836 :  : klass_index=543 name_and_type_index=835
 - 837 :  : 274
 - 838 :  : 275
 - 839 :  : '(Ljava/lang/Object;)Ljava/util/List;'
 - 840 :  : 276
 - 841 :  : 277
 - 842 :  : 278
 - 843 :  : name_index=773 signature_index=839
 - 844 :  : klass_index=543 name_and_type_index=843
 - 845 :  : 279
 - 846 :  : 280
 - 847 :  : '(Ljava/lang/Object;Ljava/util/Map;)Ljava/util/List;'
 - 848 :  : 281
 - 849 :  : 282
 - 850 :  : 283
 - 851 :  : name_index=773 signature_index=847
 - 852 :  : klass_index=543 name_and_type_index=851
 - 853 :  : 284
 - 854 :  : 285
 - 855 :  : 'getCount'
 - 856 :  : 286
 - 857 :  : 287
 - 858 :  : "getCount" {0x14b79798}
 - 859 :  : 288
 - 860 :  : name_index=855 signature_index=567
 - 861 :  : klass_index=543 name_and_type_index=860
 - 862 :  : 289
 - 863 :  : 290
 - 864 :  : '$api_getCount'
 - 865 :  : 'where'
 - 866 :  : '(Lgroovy/lang/Closure;)Lgrails/gorm/DetachedCriteria;'
 - 867 :  : 291
 - 868 :  : 292
 - 869 :  : "where" {0x16393b90}
 - 870 :  : 293
 - 871 :  : name_index=865 signature_index=866
 - 872 :  : klass_index=543 name_and_type_index=871
 - 873 :  : 294
 - 874 :  : 295
 - 875 :  : '$api_where'
 - 876 :  : 'withDatastoreSession'
 - 877 :  : 296
 - 878 :  : 297
 - 879 :  : "withDatastoreSession" {0x16393710}
 - 880 :  : 298
 - 881 :  : name_index=876 signature_index=637
 - 882 :  : klass_index=543 name_and_type_index=881
 - 883 :  : 299
 - 884 :  : 300
 - 885 :  : '$api_withDatastoreSession'
 - 886 :  : 'getValidationErrorsMap'
 - 887 :  : '()Ljava/util/Map;'
 - 888 :  : 301
 - 889 :  : 302
 - 890 :  : "getValidationErrorsMap" {0x163933d8}
 - 891 :  : 303
 - 892 :  : name_index=886 signature_index=887
 - 893 :  : klass_index=543 name_and_type_index=892
 - 894 :  : 304
 - 895 :  : 305
 - 896 :  : '$api_getValidationErrorsMap'
 - 897 :  : 'getGormDynamicFinders'
 - 898 :  : 306
 - 899 :  : 307
 - 900 :  : "getGormDynamicFinders" {0x16393278}
 - 901 :  : 308
 - 902 :  : name_index=897 signature_index=656
 - 903 :  : klass_index=543 name_and_type_index=902
 - 904 :  : 309
 - 905 :  : 310
 - 906 :  : '$api_getGormDynamicFinders'
 - 907 :  : 'getGormPersistentEntity'
 - 908 :  : '()Lorg/grails/datastore/mapping/model/PersistentEntity;'
 - 909 :  : 311
 - 910 :  : 312
 - 911 :  : "getGormPersistentEntity" {0x163931c0}
 - 912 :  : 313
 - 913 :  : name_index=907 signature_index=908
 - 914 :  : klass_index=543 name_and_type_index=913
 - 915 :  : 314
 - 916 :  : 315
 - 917 :  : '$api_getGormPersistentEntity'
 - 918 :  : 'whereAny'
 - 919 :  : 316
 - 920 :  : 317
 - 921 :  : "whereAny" {0x16392370}
 - 922 :  : 318
 - 923 :  : name_index=918 signature_index=866
 - 924 :  : klass_index=543 name_and_type_index=923
 - 925 :  : 319
 - 926 :  : 320
 - 927 :  : '$api_whereAny'
 - 928 :  : 'deleteAll'
 - 929 :  : '([Ljava/lang/Object;)V'
 - 930 :  : 321
 - 931 :  : 322
 - 932 :  : "deleteAll" {0x16390eb8}
 - 933 :  : 323
 - 934 :  : '[Ljava/lang/Object;'
 - 935 :  : '[Ljava/lang/Object;'
 - 936 :  : name_index=928 signature_index=929
 - 937 :  : klass_index=543 name_and_type_index=936
 - 938 :  : 324
 - 939 :  : 325
 - 940 :  : '$api_deleteAll'
 - 941 :  : '(Ljava/lang/Iterable;)V'
 - 942 :  : 326
 - 943 :  : 327
 - 944 :  : 328
 - 945 :  : 'java/lang/Iterable'
 - 946 :  : 'java/lang/Iterable'
 - 947 :  : name_index=928 signature_index=941
 - 948 :  : klass_index=543 name_and_type_index=947
 - 949 :  : 329
 - 950 :  : 330
 - 951 :  : 'Ljava/lang/Iterable;'
 - 952 :  : 'getAll'
 - 953 :  : 331
 - 954 :  : 332
 - 955 :  : "getAll" {0x16390cd0}
 - 956 :  : 333
 - 957 :  : name_index=952 signature_index=656
 - 958 :  : klass_index=543 name_and_type_index=957
 - 959 :  : 334
 - 960 :  : 335
 - 961 :  : '$api_getAll'
 - 962 :  : 'saveAll'
 - 963 :  : '([Ljava/lang/Object;)Ljava/util/List;'
 - 964 :  : 336
 - 965 :  : 337
 - 966 :  : "saveAll" {0x16390ab0}
 - 967 :  : 338
 - 968 :  : name_index=962 signature_index=963
 - 969 :  : klass_index=543 name_and_type_index=968
 - 970 :  : 339
 - 971 :  : 340
 - 972 :  : '$api_saveAll'
 - 973 :  : '(Ljava/lang/Iterable;)Ljava/util/List;'
 - 974 :  : 341
 - 975 :  : 342
 - 976 :  : 343
 - 977 :  : name_index=962 signature_index=973
 - 978 :  : klass_index=543 name_and_type_index=977
 - 979 :  : 344
 - 980 :  : 345
 - 981 :  : 'withCriteria'
 - 982 :  : 346
 - 983 :  : 347
 - 984 :  : "withCriteria" {0x163909a8}
 - 985 :  : 348
 - 986 :  : name_index=981 signature_index=637
 - 987 :  : klass_index=543 name_and_type_index=986
 - 988 :  : 349
 - 989 :  : 350
 - 990 :  : '$api_withCriteria'
 - 991 :  : '(Ljava/util/Map;Lgroovy/lang/Closure;)Ljava/lang/Object;'
 - 992 :  : 351
 - 993 :  : 352
 - 994 :  : 353
 - 995 :  : name_index=981 signature_index=991
 - 996 :  : klass_index=543 name_and_type_index=995
 - 997 :  : 354
 - 998 :  : 355
 - 999 :  : 'findAllWhere'
 - 1000 :  : '(Ljava/util/Map;Ljava/util/Map;)Ljava/util/List;'
 - 1001 :  : 356
 - 1002 :  : 357
 - 1003 :  : "findAllWhere" {0x163907a0}
 - 1004 :  : 358
 - 1005 :  : name_index=999 signature_index=1000
 - 1006 :  : klass_index=543 name_and_type_index=1005
 - 1007 :  : 359
 - 1008 :  : 360
 - 1009 :  : '$api_findAllWhere'
 - 1010 :  : 361
 - 1011 :  : 362
 - 1012 :  : 363
 - 1013 :  : name_index=999 signature_index=666
 - 1014 :  : klass_index=543 name_and_type_index=1013
 - 1015 :  : 364
 - 1016 :  : 365
 - 1017 :  : 'findWhere'
 - 1018 :  : 366
 - 1019 :  : 367
 - 1020 :  : "findWhere" {0x163905e0}
 - 1021 :  : 368
 - 1022 :  : name_index=1017 signature_index=741
 - 1023 :  : klass_index=543 name_and_type_index=1022
 - 1024 :  : 369
 - 1025 :  : 370
 - 1026 :  : '$api_findWhere'
 - 1027 :  : '(Ljava/util/Map;Ljava/util/Map;)Ljava/lang/Object;'
 - 1028 :  : 371
 - 1029 :  : 372
 - 1030 :  : 373
 - 1031 :  : name_index=1017 signature_index=1027
 - 1032 :  : klass_index=543 name_and_type_index=1031
 - 1033 :  : 374
 - 1034 :  : 375
 - 1035 :  : 'withSession'
 - 1036 :  : 376
 - 1037 :  : 377
 - 1038 :  : "withSession" {0x16390540}
 - 1039 :  : 378
 - 1040 :  : name_index=1035 signature_index=637
 - 1041 :  : klass_index=543 name_and_type_index=1040
 - 1042 :  : 379
 - 1043 :  : 380
 - 1044 :  : '$api_withSession'
 - 1045 :  : 'unsupported'
 - 1046 :  : 381
 - 1047 :  : 382
 - 1048 :  : "unsupported" {0x163904a0}
 - 1049 :  : 383
 - 1050 :  : name_index=1045 signature_index=136
 - 1051 :  : klass_index=543 name_and_type_index=1050
 - 1052 :  : 384
 - 1053 :  : 385
 - 1054 :  : '$api_unsupported'
 - 1055 :  : 'executeQuery'
 - 1056 :  : 386
 - 1057 :  : 387
 - 1058 :  : "executeQuery" {0x1638ff30}
 - 1059 :  : 388
 - 1060 :  : name_index=1055 signature_index=816
 - 1061 :  : klass_index=543 name_and_type_index=1060
 - 1062 :  : 389
 - 1063 :  : 390
 - 1064 :  : '$api_executeQuery'
 - 1065 :  : 391
 - 1066 :  : 392
 - 1067 :  : 393
 - 1068 :  : name_index=1055 signature_index=784
 - 1069 :  : klass_index=543 name_and_type_index=1068
 - 1070 :  : 394
 - 1071 :  : 395
 - 1072 :  : 396
 - 1073 :  : 397
 - 1074 :  : 398
 - 1075 :  : name_index=1055 signature_index=792
 - 1076 :  : klass_index=543 name_and_type_index=1075
 - 1077 :  : 399
 - 1078 :  : 400
 - 1079 :  : 401
 - 1080 :  : 402
 - 1081 :  : 403
 - 1082 :  : name_index=1055 signature_index=808
 - 1083 :  : klass_index=543 name_and_type_index=1082
 - 1084 :  : 404
 - 1085 :  : 405
 - 1086 :  : 406
 - 1087 :  : 407
 - 1088 :  : 408
 - 1089 :  : name_index=1055 signature_index=824
 - 1090 :  : klass_index=543 name_and_type_index=1089
 - 1091 :  : 409
 - 1092 :  : 410
 - 1093 :  : 'createCriteria'
 - 1094 :  : '()Lorg/grails/datastore/mapping/query/api/Criteria;'
 - 1095 :  : 411
 - 1096 :  : 412
 - 1097 :  : "createCriteria" {0x1638e040}
 - 1098 :  : 413
 - 1099 :  : name_index=1093 signature_index=1094
 - 1100 :  : klass_index=543 name_and_type_index=1099
 - 1101 :  : 414
 - 1102 :  : 415
 - 1103 :  : '$api_createCriteria'
 - 1104 :  : 'executeUpdate'
 - 1105 :  : '(Ljava/lang/String;Ljava/util/Map;Ljava/util/Map;)Ljava/lang/Integer;'
 - 1106 :  : 416
 - 1107 :  : 417
 - 1108 :  : "executeUpdate" {0x1638de00}
 - 1109 :  : 418
 - 1110 :  : name_index=1104 signature_index=1105
 - 1111 :  : klass_index=543 name_and_type_index=1110
 - 1112 :  : 419
 - 1113 :  : 420
 - 1114 :  : '$api_executeUpdate'
 - 1115 :  : '(Ljava/lang/String;Ljava/util/Collection;Ljava/util/Map;)Ljava/lang/Integer;'
 - 1116 :  : 421
 - 1117 :  : 422
 - 1118 :  : 423
 - 1119 :  : name_index=1104 signature_index=1115
 - 1120 :  : klass_index=543 name_and_type_index=1119
 - 1121 :  : 424
 - 1122 :  : 425
 - 1123 :  : '(Ljava/lang/String;Ljava/util/Map;)Ljava/lang/Integer;'
 - 1124 :  : 426
 - 1125 :  : 427
 - 1126 :  : 428
 - 1127 :  : name_index=1104 signature_index=1123
 - 1128 :  : klass_index=543 name_and_type_index=1127
 - 1129 :  : 429
 - 1130 :  : 430
 - 1131 :  : '(Ljava/lang/String;)Ljava/lang/Integer;'
 - 1132 :  : 431
 - 1133 :  : 432
 - 1134 :  : 433
 - 1135 :  : name_index=1104 signature_index=1131
 - 1136 :  : klass_index=543 name_and_type_index=1135
 - 1137 :  : 434
 - 1138 :  : 435
 - 1139 :  : '(Ljava/lang/String;Ljava/util/Collection;)Ljava/lang/Integer;'
 - 1140 :  : 436
 - 1141 :  : 437
 - 1142 :  : 438
 - 1143 :  : name_index=1104 signature_index=1139
 - 1144 :  : klass_index=543 name_and_type_index=1143
 - 1145 :  : 439
 - 1146 :  : 440
 - 1147 :  : 'withTransaction'
 - 1148 :  : 441
 - 1149 :  : 442
 - 1150 :  : "withTransaction" {0x1638d058}
 - 1151 :  : 443
 - 1152 :  : name_index=1147 signature_index=637
 - 1153 :  : klass_index=543 name_and_type_index=1152
 - 1154 :  : 444
 - 1155 :  : 445
 - 1156 :  : '$api_withTransaction'
 - 1157 :  : '(Lorg/springframework/transaction/TransactionDefinition;Lgroovy/lang/Closure;)Ljava/lang/Object;'
 - 1158 :  : 446
 - 1159 :  : 447
 - 1160 :  : 448
 - 1161 :  : 'org/springframework/transaction/TransactionDefinition'
 - 1162 :  : 'org/springframework/transaction/TransactionDefinition'
 - 1163 :  : name_index=1147 signature_index=1157
 - 1164 :  : klass_index=543 name_and_type_index=1163
 - 1165 :  : 449
 - 1166 :  : 450
 - 1167 :  : 'Lorg/springframework/transaction/TransactionDefinition;'
 - 1168 :  : 'getValidationSkipMap'
 - 1169 :  : 451
 - 1170 :  : 452
 - 1171 :  : "getValidationSkipMap" {0x1638cf30}
 - 1172 :  : 453
 - 1173 :  : name_index=1168 signature_index=887
 - 1174 :  : klass_index=543 name_and_type_index=1173
 - 1175 :  : 454
 - 1176 :  : 455
 - 1177 :  : '$api_getValidationSkipMap'
 - 1178 :  : 'findOrCreateWhere'
 - 1179 :  : 456
 - 1180 :  : 457
 - 1181 :  : "findOrCreateWhere" {0x1638ce38}
 - 1182 :  : 458
 - 1183 :  : name_index=1178 signature_index=741
 - 1184 :  : klass_index=543 name_and_type_index=1183
 - 1185 :  : 459
 - 1186 :  : 460
 - 1187 :  : '$api_findOrCreateWhere'
 - 1188 :  : 'findOrSaveWhere'
 - 1189 :  : 461
 - 1190 :  : 462
 - 1191 :  : "findOrSaveWhere" {0x1638cd08}
 - 1192 :  : 463
 - 1193 :  : name_index=1188 signature_index=741
 - 1194 :  : klass_index=543 name_and_type_index=1193
 - 1195 :  : 464
 - 1196 :  : 465
 - 1197 :  : '$api_findOrSaveWhere'
 - 1198 :  : 'withNewTransaction'
 - 1199 :  : 466
 - 1200 :  : 467
 - 1201 :  : "withNewTransaction" {0x1638cc60}
 - 1202 :  : 468
 - 1203 :  : name_index=1198 signature_index=637
 - 1204 :  : klass_index=543 name_and_type_index=1203
 - 1205 :  : 469
 - 1206 :  : 470
 - 1207 :  : '$api_withNewTransaction'
 - 1208 :  : 'withNewSession'
 - 1209 :  : 471
 - 1210 :  : 472
 - 1211 :  : "withNewSession" {0x1638cbc0}
 - 1212 :  : 473
 - 1213 :  : name_index=1208 signature_index=637
 - 1214 :  : klass_index=543 name_and_type_index=1213
 - 1215 :  : 474
 - 1216 :  : 475
 - 1217 :  : '$api_withNewSession'
 - 1218 :  : 'asType'
 - 1219 :  : '(Lgrailsapplication1/Etiqueta;Ljava/lang/Class;)Ljava/lang/Object;'
 - 1220 :  : "instanceConvertersApi" {0x19119420}
 - 1221 :  : 'org/codehaus/groovy/grails/plugins/converters/api/ConvertersApi'
 - 1222 :  : 'org/codehaus/groovy/grails/plugins/converters/api/ConvertersApi' {0x5b118c8}
 - 1223 :  : name_index=32 signature_index=33
 - 1224 :  : klass_index=114 name_and_type_index=1223
 - 1225 :  : 476
 - 1226 :  : "asType" {0x14bc8980}
 - 1227 :  : name_index=1218 signature_index=103
 - 1228 :  : klass_index=1222 name_and_type_index=1227
 - 1229 :  : 477
 - 1230 :  : '$api_asType'
 - 1231 :  : '(Lgrailsapplication1/Etiqueta;)Lgroovy/lang/MetaClass;'
 - 1232 :  : 'getClass'
 - 1233 :  : name_index=1232 signature_index=97
 - 1234 :  : klass_index=4 name_and_type_index=1233
 - 1235 :  : 'initMetaClass'
 - 1236 :  : '(Ljava/lang/Object;)Lgroovy/lang/MetaClass;'
 - 1237 :  : name_index=1235 signature_index=1236
 - 1238 :  : klass_index=101 name_and_type_index=1237
 - 1239 :  : name_index=34 signature_index=35
 - 1240 :  : klass_index=114 name_and_type_index=1239
 - 1241 :  : 'org/codehaus/groovy/reflection/ClassInfo'
 - 1242 :  : 'org/codehaus/groovy/reflection/ClassInfo' {0x4bfc2b8}
 - 1243 :  : 'getClassInfo'
 - 1244 :  : '(Ljava/lang/Class;)Lorg/codehaus/groovy/reflection/ClassInfo;'
 - 1245 :  : name_index=1243 signature_index=1244
 - 1246 :  : klass_index=1242 name_and_type_index=1245
 - 1247 :  : "$staticClassInfo" {0x14b1fba8}
 - 1248 :  : 'r$sets'
 - 1249 :  : '(Ljava/lang/Object;Ljava/lang/String;)V'
 - 1250 :  : name_index=1248 signature_index=1249
 - 1251 :  : klass_index=114 name_and_type_index=1250
 - 1252 :  : 'getMetaClass'
 - 1253 :  : name_index=1252 signature_index=130
 - 1254 :  : klass_index=1242 name_and_type_index=1253
 - 1255 :  : 'setMetaClass'
 - 1256 :  : '(Lgrailsapplication1/Etiqueta;Lgroovy/lang/MetaClass;)V'
 - 1257 :  : 'invokeMethod'
 - 1258 :  : 'getMetaClass()Lgroovy/lang/MetaClass;'
 - 1259 :  : "getMetaClass()Lgroovy/lang/MetaClass;" {0x185483a8}
 - 1260 :  : klass_index=114 name_and_type_index=1253
 - 1261 :  : '(Ljava/lang/Object;Ljava/lang/String;Ljava/lang/Object;)Ljava/lang/Object;'
 - 1262 :  : name_index=1257 signature_index=1261
 - 1263 :  : klass_index=128 name_and_type_index=1262
 - 1264 :  : 'getProperty'
 - 1265 :  : name_index=1264 signature_index=143
 - 1266 :  : klass_index=128 name_and_type_index=1265
 - 1267 :  : 'setProperty'
 - 1268 :  : '(Ljava/lang/Object;Ljava/lang/String;Ljava/lang/Object;)V'
 - 1269 :  : name_index=1267 signature_index=1268
 - 1270 :  : klass_index=128 name_and_type_index=1269
 - 1271 :  : '__$swapInit'
 - 1272 :  : '()V'
 - 1273 :  : "$callSiteArray" {0x14b1fb30}
 - 1274 :  : name_index=42 signature_index=43
 - 1275 :  : klass_index=114 name_and_type_index=1274
 - 1276 :  : '___clinit___'
 - 1277 :  : '__$swapInit()V'
 - 1278 :  : "__$swapInit()V" {0x17a0ac58}
 - 1279 :  : name_index=1271 signature_index=1272
 - 1280 :  : klass_index=114 name_and_type_index=1279
 - 1281 :  : '(J)Ljava/lang/Object;'
 - 1282 :  : name_index=294 signature_index=1281
 - 1283 :  : klass_index=293 name_and_type_index=1282
 - 1284 :  : 'java/lang/Long'
 - 1285 :  : 'java/lang/Long' {0x49423d0}
 - 1286 :  : 'longValue'
 - 1287 :  : '()J'
 - 1288 :  : name_index=1286 signature_index=1287
 - 1289 :  : klass_index=1285 name_and_type_index=1288
 - 1290 :  : "__timeStamp__239_neverHappen1351129489003" {0x209831c0}
 - 1291 :  : 'valueOf'
 - 1292 :  : '(J)Ljava/lang/Long;'
 - 1293 :  : name_index=1291 signature_index=1292
 - 1294 :  : klass_index=1285 name_and_type_index=1293
 - 1295 :  : name_index=41 signature_index=40
 - 1296 :  : klass_index=114 name_and_type_index=1295
 - 1297 :  : 1351129489003
 - 1299 :  : "__timeStamp" {0x14b5ad08}
 - 1300 :  : name_index=39 signature_index=40
 - 1301 :  : klass_index=114 name_and_type_index=1300
 - 1302 :  : "nota" {0x19082e58}
 - 1303 :  : '$get$$class$grailsapplication1$Nota()Ljava/lang/Class;'
 - 1304 :  : "$get$$class$grailsapplication1$Nota()Ljava/lang/Class;" {0x19a90568}
 - 1305 :  : '$get$$class$grailsapplication1$Nota'
 - 1306 :  : name_index=1305 signature_index=97
 - 1307 :  : klass_index=2 name_and_type_index=1306
 - 1308 :  : 'createMap'
 - 1309 :  : '([Ljava/lang/Object;)Ljava/util/Map;'
 - 1310 :  : name_index=1308 signature_index=1309
 - 1311 :  : klass_index=101 name_and_type_index=1310
 - 1312 :  : "belongsTo" {0x1694b4a0}
 - 1313 :  : name_index=10 signature_index=11
 - 1314 :  : klass_index=114 name_and_type_index=1313
 - 1315 :  : "_deleted" {0x20368140}
 - 1316 :  : 'createList'
 - 1317 :  : name_index=1316 signature_index=963
 - 1318 :  : klass_index=101 name_and_type_index=1317
 - 1319 :  : "transients" {0x16951198}
 - 1320 :  : name_index=16 signature_index=11
 - 1321 :  : klass_index=114 name_and_type_index=1320
 - 1322 :  : 'grailsapplication1/Etiqueta$__clinit__closure1'
 - 1323 :  : 'grailsapplication1/Etiqueta$__clinit__closure1' {0x672e4b0}
 - 1324 :  : 7276162
 - 1325 :  : '(Ljava/lang/Object;Ljava/lang/Object;)V'
 - 1326 :  : "(Ljava/lang/Object;Ljava/lang/Object;)V" {0x17a0a7a8}
 - 1327 :  : 'ccheck'
 - 1328 :  : name_index=1327 signature_index=85
 - 1329 :  : klass_index=83 name_and_type_index=1328
 - 1330 :  : 'com/springsource/loaded/__DynamicallyDispatchable'
 - 1331 :  : 'com/springsource/loaded/__DynamicallyDispatchable'
 - 1332 :  : '(Ljava/lang/Object;Ljava/lang/Object;Lcom/springsource/loaded/C;)V'
 - 1333 :  : name_index=161 signature_index=1332
 - 1334 :  : klass_index=1323 name_and_type_index=1333
 - 1335 :  : '<init>(Ljava/lang/Object;Ljava/lang/Object;)V'
 - 1336 :  : "<init>(Ljava/lang/Object;Ljava/lang/Object;)V" {0x34fff038}
 - 1337 :  : klass_index=1331 name_and_type_index=92
 - 1338 :  : name_index=161 signature_index=1325
 - 1339 :  : klass_index=1323 name_and_type_index=1338
 - 1340 :  : "constraints" {0x16914510}
 - 1341 :  : name_index=17 signature_index=11
 - 1342 :  : klass_index=114 name_and_type_index=1341
 - 1343 :  : 478
 - 1344 :  : '$get$$class$org$codehaus$groovy$grails$plugins$web$api$ControllersDomainBindingApi()Ljava/lang/Class;'
 - 1345 :  : "$get$$class$org$codehaus$groovy$grails$plugins$web$api$ControllersDomainBindingApi()Ljava/lang/Class;" {0x1968f4e0}
 - 1346 :  : '$get$$class$org$codehaus$groovy$grails$plugins$web$api$ControllersDomainBindingApi'
 - 1347 :  : name_index=1346 signature_index=97
 - 1348 :  : klass_index=2 name_and_type_index=1347
 - 1349 :  : name_index=237 signature_index=274
 - 1350 :  : klass_index=236 name_and_type_index=1349
 - 1351 :  : "instanceControllersDomainBindingApi" {0x19119680}
 - 1352 :  : name_index=18 signature_index=19
 - 1353 :  : klass_index=114 name_and_type_index=1352
 - 1354 :  : 'nota_*'
 - 1355 :  : "nota_*" {0x19082e28}
 - 1356 :  : 'nota.*'
 - 1357 :  : "nota.*" {0x19082df8}
 - 1358 :  : "$defaultDatabindingWhiteList" {0x16886498}
 - 1359 :  : name_index=20 signature_index=21
 - 1360 :  : klass_index=114 name_and_type_index=1359
 - 1361 :  : 479
 - 1362 :  : '$get$$class$org$codehaus$groovy$grails$web$binding$DatabindingApi()Ljava/lang/Class;'
 - 1363 :  : "$get$$class$org$codehaus$groovy$grails$web$binding$DatabindingApi()Ljava/lang/Class;" {0x1968f410}
 - 1364 :  : '$get$$class$org$codehaus$groovy$grails$web$binding$DatabindingApi'
 - 1365 :  : name_index=1364 signature_index=97
 - 1366 :  : klass_index=2 name_and_type_index=1365
 - 1367 :  : 480
 - 1368 :  : '$get$$class$org$apache$commons$logging$LogFactory()Ljava/lang/Class;'
 - 1369 :  : "$get$$class$org$apache$commons$logging$LogFactory()Ljava/lang/Class;" {0x17a0aba8}
 - 1370 :  : '$get$$class$org$apache$commons$logging$LogFactory'
 - 1371 :  : name_index=1370 signature_index=97
 - 1372 :  : klass_index=2 name_and_type_index=1371
 - 1373 :  : 'grails.app.domain.grailsapplication1.Etiqueta'
 - 1374 :  : "grails.app.domain.grailsapplication1.Etiqueta" {0x196b9740}
 - 1375 :  : name_index=273 signature_index=267
 - 1376 :  : klass_index=236 name_and_type_index=1375
 - 1377 :  : '$get$$class$org$apache$commons$logging$Log()Ljava/lang/Class;'
 - 1378 :  : "$get$$class$org$apache$commons$logging$Log()Ljava/lang/Class;" {0x17a0ab08}
 - 1379 :  : '$get$$class$org$apache$commons$logging$Log'
 - 1380 :  : name_index=1379 signature_index=97
 - 1381 :  : klass_index=2 name_and_type_index=1380
 - 1382 :  : 'org/apache/commons/logging/Log'
 - 1383 :  : 'org/apache/commons/logging/Log' {0x547ea10}
 - 1384 :  : "log" {0x150c5cd8}
 - 1385 :  : name_index=30 signature_index=31
 - 1386 :  : klass_index=114 name_and_type_index=1385
 - 1387 :  : 481
 - 1388 :  : '$get$$class$org$codehaus$groovy$grails$plugins$converters$api$ConvertersApi()Ljava/lang/Class;'
 - 1389 :  : "$get$$class$org$codehaus$groovy$grails$plugins$converters$api$ConvertersApi()Ljava/lang/Class;" {0x1968f330}
 - 1390 :  : '$get$$class$org$codehaus$groovy$grails$plugins$converters$api$ConvertersApi'
 - 1391 :  : name_index=1390 signature_index=97
 - 1392 :  : klass_index=2 name_and_type_index=1391
 - 1393 :  : 'getBelongsTo'
 - 1394 :  : 'setBelongsTo'
 - 1395 :  : 'getTexto'
 - 1396 :  : 'setTexto'
 - 1397 :  : '(Lgrailsapplication1/Etiqueta;Ljava/lang/String;)V'
 - 1398 :  : 'get_deleted'
 - 1399 :  : name_index=14 signature_index=15
 - 1400 :  : klass_index=114 name_and_type_index=1399
 - 1401 :  : 'is_deleted'
 - 1402 :  : 'set_deleted'
 - 1403 :  : '(Lgrailsapplication1/Etiqueta;Z)V'
 - 1404 :  : '(Z)Ljava/lang/Boolean;'
 - 1405 :  : name_index=1291 signature_index=1404
 - 1406 :  : klass_index=215 name_and_type_index=1405
 - 1407 :  : 'getTransients'
 - 1408 :  : 'setTransients'
 - 1409 :  : 'getConstraints'
 - 1410 :  : 'setConstraints'
 - 1411 :  : 'getId'
 - 1412 :  : '(Lgrailsapplication1/Etiqueta;)Ljava/lang/Long;'
 - 1413 :  : "id" {0x14c6e160}
 - 1414 :  : name_index=26 signature_index=27
 - 1415 :  : klass_index=114 name_and_type_index=1414
 - 1416 :  : 'setId'
 - 1417 :  : '(Lgrailsapplication1/Etiqueta;Ljava/lang/Long;)V'
 - 1418 :  : 'getVersion'
 - 1419 :  : "version" {0x14b67020}
 - 1420 :  : name_index=7 signature_index=27
 - 1421 :  : klass_index=114 name_and_type_index=1420
 - 1422 :  : 'setVersion'
 - 1423 :  : 'getNota'
 - 1424 :  : '(Lgrailsapplication1/Etiqueta;)Lgrailsapplication1/Nota;'
 - 1425 :  : 'grailsapplication1/Nota'
 - 1426 :  : 'grailsapplication1/Nota'
 - 1427 :  : name_index=28 signature_index=29
 - 1428 :  : klass_index=114 name_and_type_index=1427
 - 1429 :  : 'setNota'
 - 1430 :  : '(Lgrailsapplication1/Etiqueta;Lgrailsapplication1/Nota;)V'
 - 1431 :  : 'this$2$initErrors'
 - 1432 :  : name_index=344 signature_index=78
 - 1433 :  : klass_index=2 name_and_type_index=1432
 - 1434 :  : 'super$1$wait'
 - 1435 :  : 'wait'
 - 1436 :  : name_index=1435 signature_index=1272
 - 1437 :  : klass_index=4 name_and_type_index=1436
 - 1438 :  : 'super$1$toString'
 - 1439 :  : '()Ljava/lang/String;'
 - 1440 :  : name_index=139 signature_index=1439
 - 1441 :  : klass_index=4 name_and_type_index=1440
 - 1442 :  : '(Lgrailsapplication1/Etiqueta;J)V'
 - 1443 :  : '(J)V'
 - 1444 :  : name_index=1435 signature_index=1443
 - 1445 :  : klass_index=4 name_and_type_index=1444
 - 1446 :  : '(Lgrailsapplication1/Etiqueta;JI)V'
 - 1447 :  : '(JI)V'
 - 1448 :  : name_index=1435 signature_index=1447
 - 1449 :  : klass_index=4 name_and_type_index=1448
 - 1450 :  : 'super$1$notify'
 - 1451 :  : 'notify'
 - 1452 :  : name_index=1451 signature_index=1272
 - 1453 :  : klass_index=4 name_and_type_index=1452
 - 1454 :  : 'super$1$notifyAll'
 - 1455 :  : 'notifyAll'
 - 1456 :  : name_index=1455 signature_index=1272
 - 1457 :  : klass_index=4 name_and_type_index=1456
 - 1458 :  : 'super$1$getClass'
 - 1459 :  : '(Lgrailsapplication1/Etiqueta;)Ljava/lang/Class;'
 - 1460 :  : 'super$1$clone'
 - 1461 :  : 'clone'
 - 1462 :  : name_index=1461 signature_index=733
 - 1463 :  : klass_index=4 name_and_type_index=1462
 - 1464 :  : 'super$1$equals'
 - 1465 :  : '(Lgrailsapplication1/Etiqueta;Ljava/lang/Object;)Z'
 - 1466 :  : 'equals'
 - 1467 :  : name_index=1466 signature_index=287
 - 1468 :  : klass_index=4 name_and_type_index=1467
 - 1469 :  : 'super$1$hashCode'
 - 1470 :  : '(Lgrailsapplication1/Etiqueta;)I'
 - 1471 :  : 'hashCode'
 - 1472 :  : '()I'
 - 1473 :  : name_index=1471 signature_index=1472
 - 1474 :  : klass_index=4 name_and_type_index=1473
 - 1475 :  : 'super$1$finalize'
 - 1476 :  : 'finalize'
 - 1477 :  : name_index=1476 signature_index=1272
 - 1478 :  : klass_index=4 name_and_type_index=1477
 - 1479 :  : '$createCallSiteArray_1'
 - 1480 :  : '([Ljava/lang/String;)V'
 - 1481 :  : '<$constructor$>'
 - 1482 :  : "<$constructor$>" {0x14b58970}
 - 1483 :  : "currentGormValidationApi" {0x19082998}
 - 1484 :  : "initErrors" {0x167ee0e0}
 - 1485 :  : "hasErrors" {0x16327058}
 - 1486 :  : "currentGormInstanceApi" {0x190821a8}
 - 1487 :  : 'newInstance'
 - 1488 :  : "newInstance" {0x14b17ec8}
 - 1489 :  : "currentGormStaticApi" {0x1907fee0}
 - 1490 :  : 'getLog'
 - 1491 :  : "getLog" {0x161a8100}
 - 1492 :  : '$createCallSiteArray'
 - 1493 :  : '()Lorg/codehaus/groovy/runtime/callsite/CallSiteArray;'
 - 1494 :  : 482
 - 1495 :  : '$createCallSiteArray_1([Ljava/lang/String;)V'
 - 1496 :  : "$createCallSiteArray_1([Ljava/lang/String;)V" {0x17a0aa88}
 - 1497 :  : name_index=1479 signature_index=1480
 - 1498 :  : klass_index=2 name_and_type_index=1497
 - 1499 :  : 'org/codehaus/groovy/runtime/callsite/CallSiteArray'
 - 1500 :  : 'org/codehaus/groovy/runtime/callsite/CallSiteArray' {0x4e3e418}
 - 1501 :  : '(Ljava/lang/Class;[Ljava/lang/String;)V'
 - 1502 :  : name_index=161 signature_index=1501
 - 1503 :  : klass_index=1500 name_and_type_index=1502
 - 1504 :  : 'java/lang/ref/SoftReference'
 - 1505 :  : 'java/lang/ref/SoftReference' {0x48f0280}
 - 1506 :  : name_index=556 signature_index=733
 - 1507 :  : klass_index=1505 name_and_type_index=1506
 - 1508 :  : '$createCallSiteArray()Lorg/codehaus/groovy/runtime/callsite/CallSiteArray;'
 - 1509 :  : "$createCallSiteArray()Lorg/codehaus/groovy/runtime/callsite/CallSiteArray;" {0x17a0a9d0}
 - 1510 :  : name_index=1492 signature_index=1493
 - 1511 :  : klass_index=2 name_and_type_index=1510
 - 1512 :  : name_index=161 signature_index=136
 - 1513 :  : klass_index=1505 name_and_type_index=1512
 - 1514 :  : 'array'
 - 1515 :  : '[Lorg/codehaus/groovy/runtime/callsite/CallSite;'
 - 1516 :  : name_index=1514 signature_index=1515
 - 1517 :  : klass_index=1500 name_and_type_index=1516
 - 1518 :  : "$class$org$grails$datastore$gorm$GormValidationApi" {0x16322c58}
 - 1519 :  : name_index=44 signature_index=45
 - 1520 :  : klass_index=114 name_and_type_index=1519
 - 1521 :  : 'org.grails.datastore.gorm.GormValidationApi'
 - 1522 :  : "org.grails.datastore.gorm.GormValidationApi" {0x16321408}
 - 1523 :  : 'class$(Ljava/lang/String;)Ljava/lang/Class;'
 - 1524 :  : "class$(Ljava/lang/String;)Ljava/lang/Class;" {0x17a0a950}
 - 1525 :  : 'class$'
 - 1526 :  : '(Ljava/lang/String;)Ljava/lang/Class;'
 - 1527 :  : name_index=1525 signature_index=1526
 - 1528 :  : klass_index=114 name_and_type_index=1527
 - 1529 :  : "$class$org$grails$datastore$gorm$GormStaticApi" {0x16329480}
 - 1530 :  : name_index=46 signature_index=45
 - 1531 :  : klass_index=114 name_and_type_index=1530
 - 1532 :  : 'org.grails.datastore.gorm.GormStaticApi'
 - 1533 :  : "org.grails.datastore.gorm.GormStaticApi" {0x1638b0f0}
 - 1534 :  : "$class$groovy$lang$MissingMethodException" {0x151cad98}
 - 1535 :  : name_index=47 signature_index=45
 - 1536 :  : klass_index=114 name_and_type_index=1535
 - 1537 :  : 'groovy.lang.MissingMethodException'
 - 1538 :  : "groovy.lang.MissingMethodException" {0x16804c58}
 - 1539 :  : "$class$java$lang$IllegalStateException" {0x15319828}
 - 1540 :  : name_index=48 signature_index=45
 - 1541 :  : klass_index=114 name_and_type_index=1540
 - 1542 :  : 'java.lang.IllegalStateException'
 - 1543 :  : "java.lang.IllegalStateException" {0x1665c350}
 - 1544 :  : "$class$grailsapplication1$Etiqueta" {0x19045a28}
 - 1545 :  : name_index=49 signature_index=45
 - 1546 :  : klass_index=114 name_and_type_index=1545
 - 1547 :  : "$class$java$lang$String" {0x14b5ac58}
 - 1548 :  : name_index=50 signature_index=45
 - 1549 :  : klass_index=114 name_and_type_index=1548
 - 1550 :  : 'java.lang.String'
 - 1551 :  : "java.lang.String" {0x14b12708}
 - 1552 :  : "$class$org$apache$commons$logging$LogFactory" {0x16b6d410}
 - 1553 :  : name_index=51 signature_index=45
 - 1554 :  : klass_index=114 name_and_type_index=1553
 - 1555 :  : 'org.apache.commons.logging.LogFactory'
 - 1556 :  : "org.apache.commons.logging.LogFactory" {0x15557fa0}
 - 1557 :  : "$class$org$springframework$validation$Errors" {0x16322970}
 - 1558 :  : name_index=52 signature_index=45
 - 1559 :  : klass_index=114 name_and_type_index=1558
 - 1560 :  : 'org.springframework.validation.Errors'
 - 1561 :  : "org.springframework.validation.Errors" {0x163233f8}
 - 1562 :  : "$class$grailsapplication1$Nota" {0x19250630}
 - 1563 :  : name_index=53 signature_index=45
 - 1564 :  : klass_index=114 name_and_type_index=1563
 - 1565 :  : 'grailsapplication1.Nota'
 - 1566 :  : "grailsapplication1.Nota" {0x16596cf0}
 - 1567 :  : "$class$org$codehaus$groovy$grails$plugins$converters$api$ConvertersApi" {0x19118ff8}
 - 1568 :  : name_index=54 signature_index=45
 - 1569 :  : klass_index=114 name_and_type_index=1568
 - 1570 :  : 'org.codehaus.groovy.grails.plugins.converters.api.ConvertersApi'
 - 1571 :  : "org.codehaus.groovy.grails.plugins.converters.api.ConvertersApi" {0x16491420}
 - 1572 :  : "$class$org$codehaus$groovy$grails$plugins$web$api$ControllersDomainBindingApi" {0x16b2c988}
 - 1573 :  : name_index=55 signature_index=45
 - 1574 :  : klass_index=114 name_and_type_index=1573
 - 1575 :  : 'org.codehaus.groovy.grails.plugins.web.api.ControllersDomainBindingApi'
 - 1576 :  : "org.codehaus.groovy.grails.plugins.web.api.ControllersDomainBindingApi" {0x16408d00}
 - 1577 :  : "$class$org$codehaus$groovy$grails$web$binding$DatabindingApi" {0x19118e78}
 - 1578 :  : name_index=56 signature_index=45
 - 1579 :  : klass_index=114 name_and_type_index=1578
 - 1580 :  : 'org.codehaus.groovy.grails.web.binding.DatabindingApi'
 - 1581 :  : "org.codehaus.groovy.grails.web.binding.DatabindingApi" {0x1640af20}
 - 1582 :  : "$class$org$apache$commons$logging$Log" {0x16b6c260}
 - 1583 :  : name_index=57 signature_index=45
 - 1584 :  : klass_index=114 name_and_type_index=1583
 - 1585 :  : 'org.apache.commons.logging.Log'
 - 1586 :  : "org.apache.commons.logging.Log" {0x15465c00}
 - 1587 :  : "$class$grails$validation$ValidationErrors" {0x19118d80}
 - 1588 :  : name_index=58 signature_index=45
 - 1589 :  : klass_index=114 name_and_type_index=1588
 - 1590 :  : 'grails.validation.ValidationErrors'
 - 1591 :  : "grails.validation.ValidationErrors" {0x164ce930}
 - 1592 :  : "$class$org$grails$datastore$gorm$GormInstanceApi" {0x163290d0}
 - 1593 :  : name_index=59 signature_index=45
 - 1594 :  : klass_index=114 name_and_type_index=1593
 - 1595 :  : 'org.grails.datastore.gorm.GormInstanceApi'
 - 1596 :  : "org.grails.datastore.gorm.GormInstanceApi" {0x164cb9c8}
 - 1597 :  : 'java/lang/ClassNotFoundException'
 - 1598 :  : 'java/lang/ClassNotFoundException'
 - 1599 :  : 'forName'
 - 1600 :  : name_index=1599 signature_index=1526
 - 1601 :  : klass_index=95 name_and_type_index=1600
 - 1602 :  : 'java/lang/NoClassDefFoundError'
 - 1603 :  : 'java/lang/NoClassDefFoundError'
 - 1604 :  : 'getMessage'
 - 1605 :  : name_index=1604 signature_index=1439
 - 1606 :  : klass_index=1598 name_and_type_index=1605
 - 1607 :  : '(Ljava/lang/String;)V'
 - 1608 :  : name_index=161 signature_index=1607
 - 1609 :  : klass_index=1603 name_and_type_index=1608
 - 1610 :  : 'Code'
 - 1611 :  : 'LocalVariableTable'
 - 1612 :  : 'LineNumberTable'
 - 1613 :  : 'RuntimeVisibleAnnotations'
 - 1614 :  : 'SourceFile'

EDX=0x00001fa0 is an unknown value
ESP=0x4c93d08c is pointing into the stack for thread: 0x4a0e9c00
EBP=0x4c93d0b0 is pointing into the stack for thread: 0x4a0e9c00
ESI=0x08f923a4 is an oop
{constMethod} 
 - klass: {other class}
 - method:       0x08f92490 {method} 'lock' '(Ljava/io/Serializable;)Ljava/lang/Object;' in 'grailsapplication1/Etiqueta$$ENmojdpn'
 - exceptions:   0x048d1128
bci_from(08F923A4) = 284; print_codes():
EDI=0x4c93d0c4 is pointing into the stack for thread: 0x4a0e9c00


Stack: [0x4c8f0000,0x4c940000],  sp=0x4c93d08c,  free space=308k
Native frames: (J=compiled Java code, j=interpreted, Vv=VM code, C=native code)
j  grailsapplication1.Etiqueta$$ENmojdpn.lock(Ljava/io/Serializable;)Ljava/lang/Object;+277
j  grailsapplication1.Etiqueta$$DNmojdpn.lock(Lgrailsapplication1/Etiqueta;Ljava/io/Serializable;)Ljava/lang/Object;+1
j  grailsapplication1.Etiqueta.lock(Ljava/io/Serializable;)Ljava/lang/Object;+23
v  ~StubRoutines::call_stub
V  [jvm.dll+0x13bd4a]
V  [jvm.dll+0x1f358e]
V  [jvm.dll+0x13bdcd]
V  [jvm.dll+0x146d9e]
V  [jvm.dll+0x14709e]
V  [jvm.dll+0xe01b9]
C  [java.dll+0x7dc2]  Java_sun_reflect_NativeMethodAccessorImpl_invoke0+0x15
j  sun.reflect.NativeMethodAccessorImpl.invoke(Ljava/lang/Object;[Ljava/lang/Object;)Ljava/lang/Object;+87


---------------  P R O C E S S  ---------------

Java Threads: ( => current thread )
  0x4a6dc400 JavaThread "net.sf.ehcache.CacheManager@12fdb1e" daemon [_thread_blocked, id=4384, stack(0x50260000,0x502b0000)]
  0x4a6db400 JavaThread "FileSystemWatcher: files=#1 cl=groovy.lang.GroovyClassLoader@105a0e8" daemon [_thread_blocked, id=5880, stack(0x50390000,0x503e0000)]
  0x4a6db800 JavaThread "FileSystemWatcher: files=#1 cl=groovy.lang.GroovyClassLoader@16149a9" daemon [_thread_blocked, id=10048, stack(0x4ff30000,0x4ff80000)]
  0x4a6dac00 JavaThread "FileSystemWatcher: files=#9 cl=groovy.lang.GroovyClassLoader@b456b9" daemon [_thread_blocked, id=6044, stack(0x50160000,0x501b0000)]
  0x4a6d9800 JavaThread "FileSystemWatcher: files=#9 cl=groovy.lang.GroovyClassLoader@110e54" daemon [_thread_blocked, id=6056, stack(0x500d0000,0x50120000)]
  0x4a6da800 JavaThread "FileSystemWatcher: files=#10 cl=groovy.lang.GroovyClassLoader@1ff3a42" daemon [_thread_blocked, id=8128, stack(0x4dc80000,0x4dcd0000)]
  0x4a6da000 JavaThread "FileSystemWatcher: files=#10 cl=groovy.lang.GroovyClassLoader@841cfe" daemon [_thread_blocked, id=7092, stack(0x47b70000,0x47bc0000)]
  0x4a0e5000 JavaThread "FileSystemWatcher: files=#10 cl=groovy.lang.GroovyClassLoader@2f28f2" daemon [_thread_blocked, id=5488, stack(0x4ffc0000,0x50010000)]
  0x4cd48000 JavaThread "FileSystemWatcher: files=#10 cl=groovy.lang.GroovyClassLoader@14a332" daemon [_thread_blocked, id=4964, stack(0x50070000,0x500c0000)]
  0x4cd47c00 JavaThread "FileSystemWatcher: files=#10 cl=groovy.lang.GroovyClassLoader@67240e" daemon [_thread_blocked, id=5464, stack(0x4da20000,0x4da70000)]
  0x4cd47400 JavaThread "FileSystemWatcher: files=#10 cl=groovy.lang.GroovyClassLoader@1b20fec" daemon [_thread_blocked, id=10164, stack(0x4de20000,0x4de70000)]
  0x4cd46c00 JavaThread "FileSystemWatcher: files=#10 cl=groovy.lang.GroovyClassLoader@182d1be" daemon [_thread_blocked, id=5224, stack(0x4a380000,0x4a3d0000)]
  0x4cd46000 JavaThread "FileSystemWatcher: files=#10 cl=groovy.lang.GroovyClassLoader@419197" daemon [_thread_blocked, id=1452, stack(0x4a4c0000,0x4a510000)]
  0x4cd46800 JavaThread "FileSystemWatcher: files=#10 cl=groovy.lang.GroovyClassLoader@ab1ee5" daemon [_thread_blocked, id=7760, stack(0x4c830000,0x4c880000)]
  0x4a0e4400 JavaThread "FileSystemWatcher: files=#10 cl=groovy.lang.GroovyClassLoader@ff4d94" daemon [_thread_blocked, id=6316, stack(0x4c8a0000,0x4c8f0000)]
  0x4cd45000 JavaThread "http-bio-8080-exec-10" daemon [_thread_blocked, id=724, stack(0x4a3e0000,0x4a430000)]
  0x4cd45c00 JavaThread "http-bio-8080-exec-9" daemon [_thread_in_native, id=6920, stack(0x4fee0000,0x4ff30000)]
  0x4cd45400 JavaThread "http-bio-8080-exec-8" daemon [_thread_in_native, id=8996, stack(0x4de80000,0x4ded0000)]
  0x4cd44800 JavaThread "http-bio-8080-exec-7" daemon [_thread_blocked, id=1584, stack(0x4dbc0000,0x4dc10000)]
  0x4a0eb800 JavaThread "http-bio-8080-exec-6" daemon [_thread_blocked, id=5516, stack(0x4ddd0000,0x4de20000)]
  0x4a0eb400 JavaThread "http-bio-8080-exec-5" daemon [_thread_blocked, id=5904, stack(0x4b760000,0x4b7b0000)]
  0x4a0eac00 JavaThread "http-bio-8080-exec-4" daemon [_thread_in_native, id=9284, stack(0x4dd70000,0x4ddc0000)]
  0x4a0ea800 JavaThread "http-bio-8080-exec-3" daemon [_thread_in_native, id=7892, stack(0x4daa0000,0x4daf0000)]
  0x4a0ea000 JavaThread "http-bio-8080-exec-2" daemon [_thread_blocked, id=8596, stack(0x4db30000,0x4db80000)]
=>0x4a0e9c00 JavaThread "http-bio-8080-exec-1" daemon [_thread_in_Java, id=7864, stack(0x4c8f0000,0x4c940000)]
  0x4a0e9400 JavaThread "Thread-12" daemon [_thread_blocked, id=4404, stack(0x4a580000,0x4a5d0000)]
  0x4a0e8c00 JavaThread "Thread-11" [_thread_in_native, id=4556, stack(0x4b620000,0x4b670000)]
  0x4a0e8800 JavaThread "http-bio-8080-AsyncTimeout" daemon [_thread_blocked, id=7916, stack(0x4c940000,0x4c990000)]
  0x4a0e8000 JavaThread "http-bio-8080-Acceptor-0" daemon [_thread_in_native, id=9900, stack(0x48d10000,0x48d60000)]
  0x4a0e7400 JavaThread "ContainerBackgroundProcessor[StandardEngine[Tomcat]]" daemon [_thread_blocked, id=8924, stack(0x4d970000,0x4d9c0000)]
  0x4a0e7c00 JavaThread "net.sf.ehcache.CacheManager@3aa17d" daemon [_thread_blocked, id=7084, stack(0x4dc30000,0x4dc80000)]
  0x4a0e7000 JavaThread "pool-4-thread-5" [_thread_blocked, id=4172, stack(0x4b700000,0x4b750000)]
  0x4a0e6800 JavaThread "pool-4-thread-4" [_thread_blocked, id=7268, stack(0x4c7b0000,0x4c800000)]
  0x4a0e6000 JavaThread "pool-4-thread-3" [_thread_blocked, id=1160, stack(0x4b5c0000,0x4b610000)]
  0x4a0e5c00 JavaThread "pool-4-thread-2" [_thread_blocked, id=9048, stack(0x4b690000,0x4b6e0000)]
  0x4a0e5400 JavaThread "pool-4-thread-1" [_thread_blocked, id=2832, stack(0x47bd0000,0x47c20000)]
  0x4a24b400 JavaThread "pool-3-thread-5" [_thread_blocked, id=7632, stack(0x4a510000,0x4a560000)]
  0x4ada0400 JavaThread "pool-3-thread-4" [_thread_blocked, id=6736, stack(0x491c0000,0x49210000)]
  0x4c001000 JavaThread "pool-3-thread-3" [_thread_blocked, id=2628, stack(0x4a2b0000,0x4a300000)]
  0x4c2c7000 JavaThread "pool-3-thread-2" [_thread_blocked, id=4148, stack(0x48f20000,0x48f70000)]
  0x4a658800 JavaThread "pool-3-thread-1" [_thread_blocked, id=5988, stack(0x48f80000,0x48fd0000)]
  0x4a11d000 JavaThread "FileSystemWatcher: files=#261 cl=java.net.URLClassLoader@695b85" daemon [_thread_blocked, id=9948, stack(0x4a430000,0x4a480000)]
  0x4874a400 JavaThread "FileSystemWatcher: files=#1 cl=groovy.lang.GroovyClassLoader@b51c08" daemon [_thread_blocked, id=6224, stack(0x49220000,0x49270000)]
  0x4bc94400 JavaThread "pool-2-thread-1" [_thread_blocked, id=9940, stack(0x4a310000,0x4a360000)]
  0x49905800 JavaThread "Synchronizer (Spring UAA/1.0.1)" daemon [_thread_blocked, id=4484, stack(0x47c80000,0x47cd0000)]
  0x47937800 JavaThread "Service Thread" daemon [_thread_blocked, id=9784, stack(0x47d70000,0x47dc0000)]
  0x47929c00 JavaThread "C2 CompilerThread1" daemon [_thread_blocked, id=7992, stack(0x47d00000,0x47d50000)]
  0x47929000 JavaThread "C2 CompilerThread0" daemon [_thread_blocked, id=5108, stack(0x47c20000,0x47c70000)]
  0x478eb400 JavaThread "Attach Listener" daemon [_thread_blocked, id=9392, stack(0x44d40000,0x44d90000)]
  0x478ea400 JavaThread "Signal Dispatcher" daemon [_thread_blocked, id=5568, stack(0x47b20000,0x47b70000)]
  0x47891800 JavaThread "Finalizer" daemon [_thread_blocked, id=8644, stack(0x00540000,0x00590000)]
  0x015cf000 JavaThread "Reference Handler" daemon [_thread_blocked, id=10148, stack(0x47a00000,0x47a50000)]
  0x0161c400 JavaThread "main" [_thread_blocked, id=8240, stack(0x01300000,0x01350000)]

Other Threads:
  0x47889800 VMThread [stack: 0x47ab0000,0x47b00000] [id=1392]
  0x47940000 WatcherThread [stack: 0x44cf0000,0x44d40000] [id=7936]

VM state:not at safepoint (normal execution)

VM Mutex/Monitor currently owned by a thread: None

Heap
 PSYoungGen      total 251840K, used 12378K [0x348d0000, 0x448d0000, 0x448d0000)
  eden space 241344K, 3% used [0x348d0000,0x350b3c98,0x43480000)
  from space 10496K, 40% used [0x43e90000,0x442c2ec8,0x448d0000)
  to   space 10304K, 0% used [0x43480000,0x43480000,0x43e90000)
 ParOldGen       total 524288K, used 214105K [0x148d0000, 0x348d0000, 0x348d0000)
  object space 524288K, 40% used [0x148d0000,0x219e6600,0x348d0000)
 PSPermGen       total 262144K, used 75289K [0x048d0000, 0x148d0000, 0x148d0000)
  object space 262144K, 28% used [0x048d0000,0x09256780,0x148d0000)

Code Cache  [0x01810000, 0x01fa0000, 0x04810000)
 total_blobs=2427 nmethods=1997 adapters=381 free_code_cache=41491Kb largest_free_block=42409728

Compilation events (10 events):
Event: 1724.162 Thread 0x47929c00 2265             org.codehaus.groovy.antlr.AntlrParserPlugin::arguments (285 bytes)
Event: 1724.210 Thread 0x47929c00 nmethod 2265 0x01f9a448 code [0x01f9a780, 0x01f9bf90]
Event: 1724.304 Thread 0x47929000 2266             org.codehaus.groovy.classgen.asm.MopWriter::getMopMethodName (68 bytes)
Event: 1724.316 Thread 0x47929000 nmethod 2266 0x01f76048 code [0x01f761c0, 0x01f767d8]
Event: 1724.348 Thread 0x47929c00 2267             org.apache.catalina.core.ApplicationHttpRequest::setSpecial (39 bytes)
Event: 1724.350 Thread 0x47929c00 nmethod 2267 0x01f6da08 code [0x01f6db00, 0x01f6dd10]
Event: 1724.498 Thread 0x47929000 2268             java.util.LinkedHashMap$EntryIterator::<init> (6 bytes)
Event: 1724.498 Thread 0x47929c00 2269             java.util.LinkedHashMap$EntryIterator::<init> (12 bytes)
Event: 1724.499 Thread 0x47929000 nmethod 2268 0x01f81c08 code [0x01f81d00, 0x01f81d90]
Event: 1724.499 Thread 0x47929c00 nmethod 2269 0x01da0dc8 code [0x01da0ec0, 0x01da0f50]

GC Heap History (10 events):
Event: 1599.444 GC heap before
{Heap before GC invocations=52 (full 0):
 PSYoungGen      total 251072K, used 243233K [0x348d0000, 0x448d0000, 0x448d0000)
  eden space 240512K, 98% used [0x348d0000,0x430f98e0,0x433b0000)
  from space 10560K, 52% used [0x433b0000,0x4390eb40,0x43e00000)
  to   space 10240K, 0% used [0x43ed0000,0x43ed0000,0x448d0000)
 ParOldGen       total 524288K, used 193625K [0x148d0000, 0x348d0000, 0x348d0000)
  object space 524288K, 36% used [0x148d0000,0x205e65d8,0x348d0000)
 PSPermGen       total 262144K, used 71058K [0x048d0000, 0x148d0000, 0x148d0000)
  object space 262144K, 27% used [0x048d0000,0x08e348d8,0x148d0000)
Event: 1599.479 GC heap after
Heap after GC invocations=52 (full 0):
 PSYoungGen      total 252224K, used 5385K [0x348d0000, 0x448d0000, 0x448d0000)
  eden space 241984K, 0% used [0x348d0000,0x348d0000,0x43520000)
  from space 10240K, 52% used [0x43ed0000,0x44412488,0x448d0000)
  to   space 9920K, 0% used [0x43520000,0x43520000,0x43ed0000)
 ParOldGen       total 524288K, used 197222K [0x148d0000, 0x348d0000, 0x348d0000)
  object space 524288K, 37% used [0x148d0000,0x20969900,0x348d0000)
 PSPermGen       total 262144K, used 71058K [0x048d0000, 0x148d0000, 0x148d0000)
  object space 262144K, 27% used [0x048d0000,0x08e348d8,0x148d0000)
}
Event: 1599.981 GC heap before
{Heap before GC invocations=53 (full 0):
 PSYoungGen      total 252224K, used 247369K [0x348d0000, 0x448d0000, 0x448d0000)
  eden space 241984K, 100% used [0x348d0000,0x43520000,0x43520000)
  from space 10240K, 52% used [0x43ed0000,0x44412488,0x448d0000)
  to   space 9920K, 0% used [0x43520000,0x43520000,0x43ed0000)
 ParOldGen       total 524288K, used 197222K [0x148d0000, 0x348d0000, 0x348d0000)
  object space 524288K, 37% used [0x148d0000,0x20969900,0x348d0000)
 PSPermGen       total 262144K, used 72747K [0x048d0000, 0x148d0000, 0x148d0000)
  object space 262144K, 27% used [0x048d0000,0x08fdaf78,0x148d0000)
Event: 1600.003 GC heap after
Heap after GC invocations=53 (full 0):
 PSYoungGen      total 251904K, used 4117K [0x348d0000, 0x448d0000, 0x448d0000)
  eden space 241984K, 0% used [0x348d0000,0x348d0000,0x43520000)
  from space 9920K, 41% used [0x43520000,0x43925740,0x43ed0000)
  to   space 9856K, 0% used [0x43f30000,0x43f30000,0x448d0000)
 ParOldGen       total 524288K, used 201921K [0x148d0000, 0x348d0000, 0x348d0000)
  object space 524288K, 38% used [0x148d0000,0x20e005c8,0x348d0000)
 PSPermGen       total 262144K, used 72747K [0x048d0000, 0x148d0000, 0x148d0000)
  object space 262144K, 27% used [0x048d0000,0x08fdaf78,0x148d0000)
}
Event: 1675.384 GC heap before
{Heap before GC invocations=54 (full 0):
 PSYoungGen      total 251904K, used 246101K [0x348d0000, 0x448d0000, 0x448d0000)
  eden space 241984K, 100% used [0x348d0000,0x43520000,0x43520000)
  from space 9920K, 41% used [0x43520000,0x43925740,0x43ed0000)
  to   space 9856K, 0% used [0x43f30000,0x43f30000,0x448d0000)
 ParOldGen       total 524288K, used 201921K [0x148d0000, 0x348d0000, 0x348d0000)
  object space 524288K, 38% used [0x148d0000,0x20e005c8,0x348d0000)
 PSPermGen       total 262144K, used 74828K [0x048d0000, 0x148d0000, 0x148d0000)
  object space 262144K, 28% used [0x048d0000,0x091e3348,0x148d0000)
Event: 1675.411 GC heap after
Heap after GC invocations=54 (full 0):
 PSYoungGen      total 251008K, used 8638K [0x348d0000, 0x448d0000, 0x448d0000)
  eden space 241152K, 0% used [0x348d0000,0x348d0000,0x43450000)
  from space 9856K, 87% used [0x43f30000,0x4479fbc0,0x448d0000)
  to   space 10496K, 0% used [0x43450000,0x43450000,0x43e90000)
 ParOldGen       total 524288K, used 205491K [0x148d0000, 0x348d0000, 0x348d0000)
  object space 524288K, 39% used [0x148d0000,0x2117cf98,0x348d0000)
 PSPermGen       total 262144K, used 74828K [0x048d0000, 0x148d0000, 0x148d0000)
  object space 262144K, 28% used [0x048d0000,0x091e3348,0x148d0000)
}
Event: 1723.557 GC heap before
{Heap before GC invocations=55 (full 0):
 PSYoungGen      total 251008K, used 249790K [0x348d0000, 0x448d0000, 0x448d0000)
  eden space 241152K, 100% used [0x348d0000,0x43450000,0x43450000)
  from space 9856K, 87% used [0x43f30000,0x4479fbc0,0x448d0000)
  to   space 10496K, 0% used [0x43450000,0x43450000,0x43e90000)
 ParOldGen       total 524288K, used 205491K [0x148d0000, 0x348d0000, 0x348d0000)
  object space 524288K, 39% used [0x148d0000,0x2117cf98,0x348d0000)
 PSPermGen       total 262144K, used 75148K [0x048d0000, 0x148d0000, 0x148d0000)
  object space 262144K, 28% used [0x048d0000,0x092333b8,0x148d0000)
Event: 1723.584 GC heap after
Heap after GC invocations=55 (full 0):
 PSYoungGen      total 251648K, used 3585K [0x348d0000, 0x448d0000, 0x448d0000)
  eden space 241152K, 0% used [0x348d0000,0x348d0000,0x43450000)
  from space 10496K, 34% used [0x43450000,0x437d0580,0x43e90000)
  to   space 10496K, 0% used [0x43e90000,0x43e90000,0x448d0000)
 ParOldGen       total 524288K, used 212860K [0x148d0000, 0x348d0000, 0x348d0000)
  object space 524288K, 40% used [0x148d0000,0x218af2e0,0x348d0000)
 PSPermGen       total 262144K, used 75148K [0x048d0000, 0x148d0000, 0x148d0000)
  object space 262144K, 28% used [0x048d0000,0x092333b8,0x148d0000)
}
Event: 1730.478 GC heap before
{Heap before GC invocations=56 (full 0):
 PSYoungGen      total 251648K, used 244737K [0x348d0000, 0x448d0000, 0x448d0000)
  eden space 241152K, 100% used [0x348d0000,0x43450000,0x43450000)
  from space 10496K, 34% used [0x43450000,0x437d0580,0x43e90000)
  to   space 10496K, 0% used [0x43e90000,0x43e90000,0x448d0000)
 ParOldGen       total 524288K, used 212860K [0x148d0000, 0x348d0000, 0x348d0000)
  object space 524288K, 40% used [0x148d0000,0x218af2e0,0x348d0000)
 PSPermGen       total 262144K, used 75289K [0x048d0000, 0x148d0000, 0x148d0000)
  object space 262144K, 28% used [0x048d0000,0x09256690,0x148d0000)
Event: 1730.495 GC heap after
Heap after GC invocations=56 (full 0):
 PSYoungGen      total 251840K, used 4299K [0x348d0000, 0x448d0000, 0x448d0000)
  eden space 241344K, 0% used [0x348d0000,0x348d0000,0x43480000)
  from space 10496K, 40% used [0x43e90000,0x442c2ec8,0x448d0000)
  to   space 10304K, 0% used [0x43480000,0x43480000,0x43e90000)
 ParOldGen       total 524288K, used 214105K [0x148d0000, 0x348d0000, 0x348d0000)
  object space 524288K, 40% used [0x148d0000,0x219e6600,0x348d0000)
 PSPermGen       total 262144K, used 75289K [0x048d0000, 0x148d0000, 0x148d0000)
  object space 262144K, 28% used [0x048d0000,0x09256690,0x148d0000)
}

Deoptimization events (10 events):
Event: 1598.423 Thread 0x4a0e9400 Uncommon trap -83 fr.pc 0x01bf248c
Event: 1598.433 Thread 0x4a0e9400 Uncommon trap -83 fr.pc 0x01f47884
Event: 1598.656 Thread 0x4a0e4400 Uncommon trap -83 fr.pc 0x01cc2918
Event: 1599.940 Thread 0x4cd47c00 Uncommon trap -12 fr.pc 0x01c21dd4
Event: 1675.329 Thread 0x4a0eb800 Uncommon trap -58 fr.pc 0x01ca86a0
Event: 1675.329 Thread 0x4a0eb800 Uncommon trap -58 fr.pc 0x01ca86a0
Event: 1675.329 Thread 0x4a0eb800 Uncommon trap -58 fr.pc 0x01ca86a0
Event: 1675.329 Thread 0x4a0eb800 Uncommon trap -58 fr.pc 0x01ca86a0
Event: 1724.590 Thread 0x4a0e9c00 Uncommon trap -34 fr.pc 0x01c81874
Event: 1730.515 Thread 0x4a0e9c00 Uncommon trap 1138 fr.pc 0x01b75de0

Internal exceptions (10 events):
Event: 1730.398 Thread 0x4a0e9c00 Threw 0x4158f150 at C:\jdk7u5_32P\jdk7u5\hotspot\src\share\vm\prims\jvm.cpp:1166
Event: 1730.398 Thread 0x4a0e9c00 Threw 0x41593d18 at C:\jdk7u5_32P\jdk7u5\hotspot\src\share\vm\prims\jvm.cpp:1166
Event: 1730.456 Thread 0x4a0e9c00 Threw 0x422fc090 at C:\jdk7u5_32P\jdk7u5\hotspot\src\share\vm\prims\jvm.cpp:1166
Event: 1730.456 Thread 0x4a0e9c00 Threw 0x422fcc60 at C:\jdk7u5_32P\jdk7u5\hotspot\src\share\vm\prims\jvm.cpp:1166
Event: 1730.456 Thread 0x4a0e9c00 Threw 0x422fdc00 at C:\jdk7u5_32P\jdk7u5\hotspot\src\share\vm\prims\jvm.cpp:1166
Event: 1730.457 Thread 0x4a0e9c00 Threw 0x423030e0 at C:\jdk7u5_32P\jdk7u5\hotspot\src\share\vm\prims\jvm.cpp:1166
Event: 1730.457 Thread 0x4a0e9c00 Threw 0x42310a30 at C:\jdk7u5_32P\jdk7u5\hotspot\src\share\vm\prims\jvm.cpp:1166
Event: 1730.457 Thread 0x4a0e9c00 Threw 0x42311410 at C:\jdk7u5_32P\jdk7u5\hotspot\src\share\vm\prims\jvm.cpp:1166
Event: 1730.457 Thread 0x4a0e9c00 Threw 0x42312328 at C:\jdk7u5_32P\jdk7u5\hotspot\src\share\vm\prims\jvm.cpp:1166
Event: 1730.457 Thread 0x4a0e9c00 Threw 0x423173f0 at C:\jdk7u5_32P\jdk7u5\hotspot\src\share\vm\prims\jvm.cpp:1166

Events (10 events):
Event: 1730.512 Executing VM operation: RevokeBias
Event: 1730.512 Executing VM operation: RevokeBias done
Event: 1730.512 Executing VM operation: RevokeBias
Event: 1730.512 Executing VM operation: RevokeBias done
Event: 1730.512 Executing VM operation: RevokeBias
Event: 1730.512 Executing VM operation: RevokeBias done
Event: 1730.512 Executing VM operation: BulkRevokeBias
Event: 1730.513 Executing VM operation: BulkRevokeBias done
Event: 1730.515 Thread 0x4a0e9c00 DEOPT PACKING pc=0x01b75de0 sp=0x4c93d4a0
Event: 1730.515 Thread 0x4a0e9c00 DEOPT UNPACKING pc=0x0183ddd9 sp=0x4c93d488 mode 2


Dynamic libraries:
0x01350000 - 0x0137f000 	C:\Program Files\Java\jdk1.7.0_05\bin\java.exe
0x774a0000 - 0x775dc000 	C:\Windows\SYSTEM32\ntdll.dll
0x76450000 - 0x76524000 	C:\Windows\system32\kernel32.dll
0x75700000 - 0x7574b000 	C:\Windows\system32\KERNELBASE.dll
0x6f390000 - 0x6f3cc000 	C:\Program Files\AVAST Software\Avast\snxhk.dll
0x76350000 - 0x763f0000 	C:\Windows\system32\ADVAPI32.dll
0x76140000 - 0x761ec000 	C:\Windows\system32\msvcrt.dll
0x775f0000 - 0x77609000 	C:\Windows\SYSTEM32\sechost.dll
0x75ad0000 - 0x75b71000 	C:\Windows\system32\RPCRT4.dll
0x773d0000 - 0x77499000 	C:\Windows\system32\USER32.dll
0x766a0000 - 0x766ee000 	C:\Windows\system32\GDI32.dll
0x75b90000 - 0x75b9a000 	C:\Windows\system32\LPK.dll
0x760a0000 - 0x7613d000 	C:\Windows\system32\USP10.dll
0x74490000 - 0x7462e000 	C:\Windows\WinSxS\x86_microsoft.windows.common-controls_6595b64144ccf1df_6.0.7601.17514_none_41e6975e2bd6f2b2\COMCTL32.dll
0x75c00000 - 0x75c57000 	C:\Windows\system32\SHLWAPI.dll
0x76430000 - 0x7644f000 	C:\Windows\system32\IMM32.DLL
0x75fd0000 - 0x7609c000 	C:\Windows\system32\MSCTF.dll
0x6b2e0000 - 0x6b39e000 	C:\Program Files\Java\jdk1.7.0_05\jre\bin\msvcr100.dll
0x5df20000 - 0x5e453000 	C:\Program Files\Java\jdk1.7.0_05\jre\bin\server\jvm.dll
0x71820000 - 0x71827000 	C:\Windows\system32\WSOCK32.dll
0x763f0000 - 0x76425000 	C:\Windows\system32\WS2_32.dll
0x77640000 - 0x77646000 	C:\Windows\system32\NSI.dll
0x73620000 - 0x73652000 	C:\Windows\system32\WINMM.dll
0x75b80000 - 0x75b85000 	C:\Windows\system32\PSAPI.DLL
0x74470000 - 0x7447c000 	C:\Program Files\Java\jdk1.7.0_05\jre\bin\verify.dll
0x733b0000 - 0x733d0000 	C:\Program Files\Java\jdk1.7.0_05\jre\bin\java.dll
0x6ffa0000 - 0x6ffc0000 	C:\Program Files\Java\jdk1.7.0_05\jre\bin\instrument.dll
0x71ab0000 - 0x71ac3000 	C:\Program Files\Java\jdk1.7.0_05\jre\bin\zip.dll
0x750b0000 - 0x750c6000 	C:\Windows\system32\CRYPTSP.dll
0x74e50000 - 0x74e8b000 	C:\Windows\system32\rsaenh.dll
0x74c50000 - 0x74c67000 	C:\Windows\system32\USERENV.dll
0x75630000 - 0x7563b000 	C:\Windows\system32\profapi.dll
0x755b0000 - 0x755bc000 	C:\Windows\system32\CRYPTBASE.dll
0x71a90000 - 0x71aa4000 	C:\Program Files\Java\jdk1.7.0_05\jre\bin\net.dll
0x75070000 - 0x750ac000 	C:\Windows\system32\mswsock.dll
0x75060000 - 0x75066000 	C:\Windows\System32\wship6.dll
0x738a0000 - 0x738b0000 	C:\Windows\system32\NLAapi.dll
0x6ffe0000 - 0x6fff0000 	C:\Windows\system32\napinsp.dll
0x6f950000 - 0x6f962000 	C:\Windows\system32\pnrpnsp.dll
0x6f920000 - 0x6f947000 	C:\Program Files\Common Files\Microsoft Shared\Windows Live\WLIDNSP.DLL
0x6f910000 - 0x6f91d000 	C:\Windows\system32\wshbth.dll
0x74f30000 - 0x74f74000 	C:\Windows\system32\DNSAPI.dll
0x6f900000 - 0x6f908000 	C:\Windows\System32\winrnr.dll
0x74b80000 - 0x74b85000 	C:\Windows\System32\wshtcpip.dll
0x73460000 - 0x7347c000 	C:\Windows\system32\IPHLPAPI.DLL
0x73440000 - 0x73447000 	C:\Windows\system32\WINNSI.DLL
0x6f8f0000 - 0x6f8f6000 	C:\Windows\system32\rasadhlp.dll
0x71fd0000 - 0x72008000 	C:\Windows\System32\fwpuclnt.dll
0x72840000 - 0x7284f000 	C:\Program Files\Java\jdk1.7.0_05\jre\bin\nio.dll
0x47a50000 - 0x47aa4000 	C:\Users\Eule\AppData\Local\Temp\jna2504653373573284753.dll
0x012b0000 - 0x012b8000 	C:\Users\Eule\AppData\Local\Temp\jline_.dll
0x6ffc0000 - 0x6ffe0000 	C:\Program Files\Java\jdk1.7.0_05\jre\bin\sunec.dll
0x74480000 - 0x74489000 	C:\Program Files\Java\jdk1.7.0_05\jre\bin\sunmscapi.dll
0x757e0000 - 0x758fe000 	C:\Windows\system32\CRYPT32.dll
0x756a0000 - 0x756ac000 	C:\Windows\system32\MSASN1.dll
0x733d0000 - 0x733da000 	C:\Program Files\Java\jdk1.7.0_05\jre\bin\management.dll
0x748f0000 - 0x749db000 	C:\Windows\system32\dbghelp.dll

VM Arguments:
jvm_args: -Xmx768M -Xms768M -XX:PermSize=256m -XX:MaxPermSize=256m -Dfile.encoding=UTF-8 -Dserver.port=8080 -Djline.WindowsTerminal.directConsole=false -javaagent:C:/grails/lib/com.springsource.springloaded/springloaded-core/jars/springloaded-core-1.0.6.jar -Xverify:none -Dspringloaded=profile=grails;cacheDir=C:\Users\Eule/.grails/2.1.1/ -Dprogram.name= -Dgrails.home=C:\grails -Dgrails.version=2.1.1 -Dbase.dir=. -Dtools.jar=C:\Program Files\Java\jdk1.7.0_05\lib\tools.jar -Dgroovy.starter.conf=C:\grails\conf\groovy-starter.conf 
java_command: org.codehaus.groovy.grails.cli.support.GrailsStarter --main org.codehaus.groovy.grails.cli.support.GrailsStarter --conf C:\grails\conf\groovy-starter.conf --classpath   run-app
Launcher Type: SUN_STANDARD

Environment Variables:
JAVA_HOME=C:\Program Files\Java\jdk1.7.0_05
PATH=C:\Program Files\Common Files\Microsoft Shared\Windows Live;C:\oraclexe\app\oracle\product\10.2.0\server\bin;C:\Windows\system32;C:\Windows;C:\Windows\System32\Wbem;C:\Windows\System32\WindowsPowerShell\v1.0\;C:\Program Files\Windows Live\Shared;C:\Program Files\MATLAB\R2010a\runtime\win32;C:\Program Files\MATLAB\R2010a\bin;C:\Program Files\Java\jdk1.7.0_05\bin;C:\grails\bin
USERNAME=Eule
OS=Windows_NT
PROCESSOR_IDENTIFIER=x86 Family 6 Model 23 Stepping 6, GenuineIntel



---------------  S Y S T E M  ---------------

OS: Windows 7 Build 7601 Service Pack 1

CPU:total 2 (2 cores per cpu, 1 threads per core) family 6 model 23 stepping 6, cmov, cx8, fxsr, mmx, sse, sse2, sse3, ssse3, sse4.1, tsc

Memory: 4k page, physical 3074772k(776788k free), swap 6919188k(1660900k free)

vm_info: Java HotSpot(TM) Server VM (23.1-b03) for windows-x86 JRE (1.7.0_05-b05), built on May 15 2012 18:07:50 by "java_re" with unknown MS VC++:1600

time: Wed Oct 24 21:17:01 2012
elapsed time: 1730 seconds

